#
# There is insufficient memory for the Java Runtime Environment to continue.
# Native memory allocation (malloc) failed to allocate 32784 bytes for Chunk::new
# Possible reasons:
#   The system is out of physical RAM or swap space
#   The process is running with CompressedOops enabled, and the Java Heap may be blocking the growth of the native heap
# Possible solutions:
#   Reduce memory load on the system
#   Increase physical memory or swap space
#   Check if swap backing store is full
#   Decrease Java heap size (-Xmx/-Xms)
#   Decrease number of Java threads
#   Decrease Java thread stack sizes (-Xss)
#   Set larger code cache with -XX:ReservedCodeCacheSize=
#   JVM is running with Unscaled Compressed Oops mode in which the Java heap is
#     placed in the first 4GB address space. The Java Heap base address is the
#     maximum limit for the native heap growth. Please use -XX:HeapBaseMinAddress
#     to set the Java Heap base and to place the Java Heap above 4GB virtual address.
# This output file may be truncated or incomplete.
#
#  Out of Memory Error (arena.cpp:184), pid=1824, tid=3756
#
# JRE version: OpenJDK Runtime Environment (20.0.1+9) (build 20.0.1+9-29)
# Java VM: OpenJDK 64-Bit Server VM (20.0.1+9-29, mixed mode, sharing, tiered, compressed oops, compressed class ptrs, g1 gc, windows-amd64)
# No core dump will be written. Minidumps are not enabled by default on client versions of Windows
#

---------------  S U M M A R Y ------------

Command Line: -javaagent:C:\Users\DELL\IntelliJ IDEA Community Edition 2023.2\lib\idea_rt.jar=58639:C:\Users\DELL\IntelliJ IDEA Community Edition 2023.2\bin -Dfile.encoding=UTF-8 -Dsun.stdout.encoding=UTF-8 -Dsun.stderr.encoding=UTF-8 com.projet.ProjetApplication

Host: 11th Gen Intel(R) Core(TM) i5-1135G7 @ 2.40GHz, 8 cores, 7G,  Windows 11 , 64 bit Build 22621 (10.0.22621.2506)
Time: Fri Nov 24 19:24:53 2023 Paris, Madrid elapsed time: 2.069751 seconds (0d 0h 0m 2s)

---------------  T H R E A D  ---------------

Current thread (0x0000024ff71c8d00):  JavaThread "C2 CompilerThread0" daemon [_thread_in_native, id=3756, stack(0x00000060a3100000,0x00000060a3200000)]


Current CompileTask:
C2:   2069 1666       4       jdk.internal.org.objectweb.asm.Frame::execute (2305 bytes)

Stack: [0x00000060a3100000,0x00000060a3200000]
Native frames: (J=compiled Java code, j=interpreted, Vv=VM code, C=native code)
V  [jvm.dll+0x6bb95a]
V  [jvm.dll+0x8485fa]
V  [jvm.dll+0x84a1f5]
V  [jvm.dll+0x84a8f3]
V  [jvm.dll+0x280b0f]
V  [jvm.dll+0xc2b11]
V  [jvm.dll+0xc2e35]
V  [jvm.dll+0xc2c34]
V  [jvm.dll+0x6e022f]
V  [jvm.dll+0x1d2a93]
V  [jvm.dll+0x6deded]
V  [jvm.dll+0x254326]
V  [jvm.dll+0x25477f]
V  [jvm.dll+0x24cf6d]
V  [jvm.dll+0x24a549]
V  [jvm.dll+0x1ce491]
V  [jvm.dll+0x259e1b]
V  [jvm.dll+0x2584f0]
V  [jvm.dll+0x3f2895]
V  [jvm.dll+0x7f4b56]
V  [jvm.dll+0x6ba5cb]
C  [ucrtbase.dll+0x29363]
C  [KERNEL32.DLL+0x1257d]
C  [ntdll.dll+0x5aa58]


---------------  P R O C E S S  ---------------

Threads class SMR info:
_java_thread_list=0x0000024ffc3b50f0, length=12, elements={
0x0000024fd897ad00, 0x0000024ff71c13c0, 0x0000024ff71c1fc0, 0x0000024ff71c40b0,
0x0000024ff71c49f0, 0x0000024ff71c5330, 0x0000024ff71c5c70, 0x0000024ff71c8d00,
0x0000024ff71cb690, 0x0000024ffb4d2020, 0x0000024ffb84fcc0, 0x0000024ffb7c94c0
}

Java Threads: ( => current thread )
  0x0000024fd897ad00 JavaThread "main" [_thread_in_vm, id=18224, stack(0x00000060a2400000,0x00000060a2500000)]
  0x0000024ff71c13c0 JavaThread "Reference Handler" daemon [_thread_blocked, id=6852, stack(0x00000060a2b00000,0x00000060a2c00000)]
  0x0000024ff71c1fc0 JavaThread "Finalizer" daemon [_thread_blocked, id=21692, stack(0x00000060a2c00000,0x00000060a2d00000)]
  0x0000024ff71c40b0 JavaThread "Signal Dispatcher" daemon [_thread_blocked, id=6868, stack(0x00000060a2d00000,0x00000060a2e00000)]
  0x0000024ff71c49f0 JavaThread "Attach Listener" daemon [_thread_blocked, id=1488, stack(0x00000060a2e00000,0x00000060a2f00000)]
  0x0000024ff71c5330 JavaThread "Service Thread" daemon [_thread_blocked, id=20876, stack(0x00000060a2f00000,0x00000060a3000000)]
  0x0000024ff71c5c70 JavaThread "Monitor Deflation Thread" daemon [_thread_blocked, id=16028, stack(0x00000060a3000000,0x00000060a3100000)]
=>0x0000024ff71c8d00 JavaThread "C2 CompilerThread0" daemon [_thread_in_native, id=3756, stack(0x00000060a3100000,0x00000060a3200000)]
  0x0000024ff71cb690 JavaThread "C1 CompilerThread0" daemon [_thread_in_native, id=15448, stack(0x00000060a3200000,0x00000060a3300000)]
  0x0000024ffb4d2020 JavaThread "Common-Cleaner" daemon [_thread_blocked, id=17504, stack(0x00000060a3300000,0x00000060a3400000)]
  0x0000024ffb84fcc0 JavaThread "Monitor Ctrl-Break" daemon [_thread_in_native, id=13756, stack(0x00000060a3500000,0x00000060a3600000)]
  0x0000024ffb7c94c0 JavaThread "Notification Thread" daemon [_thread_blocked, id=8964, stack(0x00000060a3600000,0x00000060a3700000)]

Other Threads:
  0x0000024ff719d1b0 VMThread "VM Thread" [stack: 0x00000060a2a00000,0x00000060a2b00000] [id=21580]
  0x0000024ffb7ca220 WatcherThread "VM Periodic Task Thread" [stack: 0x00000060a3700000,0x00000060a3800000] [id=14952]
  0x0000024fd89d6f80 WorkerThread "GC Thread#0" [stack: 0x00000060a2500000,0x00000060a2600000] [id=13992]
  0x0000024ffc1d6ca0 WorkerThread "GC Thread#1" [stack: 0x00000060a3800000,0x00000060a3900000] [id=14740]
  0x0000024ffc1d5e90 WorkerThread "GC Thread#2" [stack: 0x00000060a3900000,0x00000060a3a00000] [id=8824]
  0x0000024ffc1d5bc0 WorkerThread "GC Thread#3" [stack: 0x00000060a3a00000,0x00000060a3b00000] [id=6864]
  0x0000024ffc1d6160 WorkerThread "GC Thread#4" [stack: 0x00000060a3b00000,0x00000060a3c00000] [id=13260]
  0x0000024ffc1d5620 WorkerThread "GC Thread#5" [stack: 0x00000060a3c00000,0x00000060a3d00000] [id=660]
  0x0000024ffc1d5080 WorkerThread "GC Thread#6" [stack: 0x00000060a3d00000,0x00000060a3e00000] [id=12032]
  0x0000024ffc1d6430 WorkerThread "GC Thread#7" [stack: 0x00000060a3e00000,0x00000060a3f00000] [id=4852]
  0x0000024fd89e77b0 ConcurrentGCThread "G1 Main Marker" [stack: 0x00000060a2600000,0x00000060a2700000] [id=11304]
  0x0000024fd89e8980 WorkerThread "G1 Conc#0" [stack: 0x00000060a2700000,0x00000060a2800000] [id=17664]
  0x0000024fd8a2e5e0 ConcurrentGCThread "G1 Refine#0" [stack: 0x00000060a2800000,0x00000060a2900000] [id=22940]
  0x0000024ff705e540 ConcurrentGCThread "G1 Service" [stack: 0x00000060a2900000,0x00000060a2a00000] [id=20976]

Threads with active compile tasks:
C2 CompilerThread0     2332 1666       4       jdk.internal.org.objectweb.asm.Frame::execute (2305 bytes)
C1 CompilerThread0     2332 1728       3       java.lang.Short::<init> (10 bytes)

VM state: not at safepoint (normal execution)

VM Mutex/Monitor currently owned by a thread: None

Heap address: 0x0000000084400000, size: 1980 MB, Compressed Oops mode: 32-bit

CDS archive(s) mapped at: [0x0000000800000000-0x0000000800c60000-0x0000000800c60000), size 12976128, SharedBaseAddress: 0x0000000800000000, ArchiveRelocationMode: 0.
Compressed class space mapped at: 0x0000000801000000-0x0000000841000000, reserved size: 1073741824
Narrow klass base: 0x0000000800000000, Narrow klass shift: 0, Narrow klass range: 0x100000000

GC Precious Log:
 CardTable entry size: 512
 Card Set container configuration: InlinePtr #cards 5 size 8 Array Of Cards #cards 12 size 40 Howl #buckets 4 coarsen threshold 1843 Howl Bitmap #cards 512 size 80 coarsen threshold 460 Card regions per heap region 1 cards per card region 2048
 CPUs: 8 total, 8 available
 Memory: 7918M
 Large Page Support: Disabled
 NUMA Support: Disabled
 Compressed Oops: Enabled (32-bit)
 Heap Region Size: 1M
 Heap Min Capacity: 8M
 Heap Initial Capacity: 124M
 Heap Max Capacity: 1980M
 Pre-touch: Disabled
 Parallel Workers: 8
 Concurrent Workers: 2
 Concurrent Refinement Workers: 8
 Periodic GC: Disabled

Heap:
 garbage-first heap   total 126976K, used 18880K [0x0000000084400000, 0x0000000100000000)
  region size 1024K, 17 young (17408K), 3 survivors (3072K)
 Metaspace       used 10329K, committed 10560K, reserved 1114112K
  class space    used 1274K, committed 1408K, reserved 1048576K

Heap Regions: E=young(eden), S=young(survivor), O=old, HS=humongous(starts), HC=humongous(continues), CS=collection set, F=free, OA=open archive, CA=closed archive, TAMS=top-at-mark-start, PB=parsable bottom
|   0|0x0000000084400000, 0x0000000084500000, 0x0000000084500000|100%|HS|  |TAMS 0x0000000084400000| PB 0x0000000084400000| Complete 
|   1|0x0000000084500000, 0x0000000084600000, 0x0000000084600000|100%| O|  |TAMS 0x0000000084500000| PB 0x0000000084500000| Untracked 
|   2|0x0000000084600000, 0x0000000084700000, 0x0000000084700000|100%| O|  |TAMS 0x0000000084600000| PB 0x0000000084600000| Untracked 
|   3|0x0000000084700000, 0x0000000084770000, 0x0000000084800000| 43%| O|  |TAMS 0x0000000084700000| PB 0x0000000084700000| Untracked 
|   4|0x0000000084800000, 0x0000000084800000, 0x0000000084900000|  0%| F|  |TAMS 0x0000000084800000| PB 0x0000000084800000| Untracked 
|   5|0x0000000084900000, 0x0000000084900000, 0x0000000084a00000|  0%| F|  |TAMS 0x0000000084900000| PB 0x0000000084900000| Untracked 
|   6|0x0000000084a00000, 0x0000000084a00000, 0x0000000084b00000|  0%| F|  |TAMS 0x0000000084a00000| PB 0x0000000084a00000| Untracked 
|   7|0x0000000084b00000, 0x0000000084b00000, 0x0000000084c00000|  0%| F|  |TAMS 0x0000000084b00000| PB 0x0000000084b00000| Untracked 
|   8|0x0000000084c00000, 0x0000000084c00000, 0x0000000084d00000|  0%| F|  |TAMS 0x0000000084c00000| PB 0x0000000084c00000| Untracked 
|   9|0x0000000084d00000, 0x0000000084d00000, 0x0000000084e00000|  0%| F|  |TAMS 0x0000000084d00000| PB 0x0000000084d00000| Untracked 
|  10|0x0000000084e00000, 0x0000000084e00000, 0x0000000084f00000|  0%| F|  |TAMS 0x0000000084e00000| PB 0x0000000084e00000| Untracked 
|  11|0x0000000084f00000, 0x0000000084f00000, 0x0000000085000000|  0%| F|  |TAMS 0x0000000084f00000| PB 0x0000000084f00000| Untracked 
|  12|0x0000000085000000, 0x0000000085000000, 0x0000000085100000|  0%| F|  |TAMS 0x0000000085000000| PB 0x0000000085000000| Untracked 
|  13|0x0000000085100000, 0x0000000085100000, 0x0000000085200000|  0%| F|  |TAMS 0x0000000085100000| PB 0x0000000085100000| Untracked 
|  14|0x0000000085200000, 0x0000000085200000, 0x0000000085300000|  0%| F|  |TAMS 0x0000000085200000| PB 0x0000000085200000| Untracked 
|  15|0x0000000085300000, 0x0000000085300000, 0x0000000085400000|  0%| F|  |TAMS 0x0000000085300000| PB 0x0000000085300000| Untracked 
|  16|0x0000000085400000, 0x0000000085400000, 0x0000000085500000|  0%| F|  |TAMS 0x0000000085400000| PB 0x0000000085400000| Untracked 
|  17|0x0000000085500000, 0x0000000085500000, 0x0000000085600000|  0%| F|  |TAMS 0x0000000085500000| PB 0x0000000085500000| Untracked 
|  18|0x0000000085600000, 0x0000000085600000, 0x0000000085700000|  0%| F|  |TAMS 0x0000000085600000| PB 0x0000000085600000| Untracked 
|  19|0x0000000085700000, 0x0000000085700000, 0x0000000085800000|  0%| F|  |TAMS 0x0000000085700000| PB 0x0000000085700000| Untracked 
|  20|0x0000000085800000, 0x0000000085800000, 0x0000000085900000|  0%| F|  |TAMS 0x0000000085800000| PB 0x0000000085800000| Untracked 
|  21|0x0000000085900000, 0x0000000085900000, 0x0000000085a00000|  0%| F|  |TAMS 0x0000000085900000| PB 0x0000000085900000| Untracked 
|  22|0x0000000085a00000, 0x0000000085a00000, 0x0000000085b00000|  0%| F|  |TAMS 0x0000000085a00000| PB 0x0000000085a00000| Untracked 
|  23|0x0000000085b00000, 0x0000000085b00000, 0x0000000085c00000|  0%| F|  |TAMS 0x0000000085b00000| PB 0x0000000085b00000| Untracked 
|  24|0x0000000085c00000, 0x0000000085c00000, 0x0000000085d00000|  0%| F|  |TAMS 0x0000000085c00000| PB 0x0000000085c00000| Untracked 
|  25|0x0000000085d00000, 0x0000000085d00000, 0x0000000085e00000|  0%| F|  |TAMS 0x0000000085d00000| PB 0x0000000085d00000| Untracked 
|  26|0x0000000085e00000, 0x0000000085e00000, 0x0000000085f00000|  0%| F|  |TAMS 0x0000000085e00000| PB 0x0000000085e00000| Untracked 
|  27|0x0000000085f00000, 0x0000000085f00000, 0x0000000086000000|  0%| F|  |TAMS 0x0000000085f00000| PB 0x0000000085f00000| Untracked 
|  28|0x0000000086000000, 0x0000000086000000, 0x0000000086100000|  0%| F|  |TAMS 0x0000000086000000| PB 0x0000000086000000| Untracked 
|  29|0x0000000086100000, 0x0000000086100000, 0x0000000086200000|  0%| F|  |TAMS 0x0000000086100000| PB 0x0000000086100000| Untracked 
|  30|0x0000000086200000, 0x0000000086200000, 0x0000000086300000|  0%| F|  |TAMS 0x0000000086200000| PB 0x0000000086200000| Untracked 
|  31|0x0000000086300000, 0x0000000086300000, 0x0000000086400000|  0%| F|  |TAMS 0x0000000086300000| PB 0x0000000086300000| Untracked 
|  32|0x0000000086400000, 0x0000000086400000, 0x0000000086500000|  0%| F|  |TAMS 0x0000000086400000| PB 0x0000000086400000| Untracked 
|  33|0x0000000086500000, 0x0000000086500000, 0x0000000086600000|  0%| F|  |TAMS 0x0000000086500000| PB 0x0000000086500000| Untracked 
|  34|0x0000000086600000, 0x0000000086600000, 0x0000000086700000|  0%| F|  |TAMS 0x0000000086600000| PB 0x0000000086600000| Untracked 
|  35|0x0000000086700000, 0x0000000086700000, 0x0000000086800000|  0%| F|  |TAMS 0x0000000086700000| PB 0x0000000086700000| Untracked 
|  36|0x0000000086800000, 0x0000000086800000, 0x0000000086900000|  0%| F|  |TAMS 0x0000000086800000| PB 0x0000000086800000| Untracked 
|  37|0x0000000086900000, 0x0000000086900000, 0x0000000086a00000|  0%| F|  |TAMS 0x0000000086900000| PB 0x0000000086900000| Untracked 
|  38|0x0000000086a00000, 0x0000000086a00000, 0x0000000086b00000|  0%| F|  |TAMS 0x0000000086a00000| PB 0x0000000086a00000| Untracked 
|  39|0x0000000086b00000, 0x0000000086b00000, 0x0000000086c00000|  0%| F|  |TAMS 0x0000000086b00000| PB 0x0000000086b00000| Untracked 
|  40|0x0000000086c00000, 0x0000000086c00000, 0x0000000086d00000|  0%| F|  |TAMS 0x0000000086c00000| PB 0x0000000086c00000| Untracked 
|  41|0x0000000086d00000, 0x0000000086d00000, 0x0000000086e00000|  0%| F|  |TAMS 0x0000000086d00000| PB 0x0000000086d00000| Untracked 
|  42|0x0000000086e00000, 0x0000000086e00000, 0x0000000086f00000|  0%| F|  |TAMS 0x0000000086e00000| PB 0x0000000086e00000| Untracked 
|  43|0x0000000086f00000, 0x0000000086f00000, 0x0000000087000000|  0%| F|  |TAMS 0x0000000086f00000| PB 0x0000000086f00000| Untracked 
|  44|0x0000000087000000, 0x0000000087000000, 0x0000000087100000|  0%| F|  |TAMS 0x0000000087000000| PB 0x0000000087000000| Untracked 
|  45|0x0000000087100000, 0x0000000087100000, 0x0000000087200000|  0%| F|  |TAMS 0x0000000087100000| PB 0x0000000087100000| Untracked 
|  46|0x0000000087200000, 0x0000000087200000, 0x0000000087300000|  0%| F|  |TAMS 0x0000000087200000| PB 0x0000000087200000| Untracked 
|  47|0x0000000087300000, 0x0000000087300000, 0x0000000087400000|  0%| F|  |TAMS 0x0000000087300000| PB 0x0000000087300000| Untracked 
|  48|0x0000000087400000, 0x0000000087400000, 0x0000000087500000|  0%| F|  |TAMS 0x0000000087400000| PB 0x0000000087400000| Untracked 
|  49|0x0000000087500000, 0x0000000087500000, 0x0000000087600000|  0%| F|  |TAMS 0x0000000087500000| PB 0x0000000087500000| Untracked 
|  50|0x0000000087600000, 0x0000000087600000, 0x0000000087700000|  0%| F|  |TAMS 0x0000000087600000| PB 0x0000000087600000| Untracked 
|  51|0x0000000087700000, 0x0000000087700000, 0x0000000087800000|  0%| F|  |TAMS 0x0000000087700000| PB 0x0000000087700000| Untracked 
|  52|0x0000000087800000, 0x0000000087800000, 0x0000000087900000|  0%| F|  |TAMS 0x0000000087800000| PB 0x0000000087800000| Untracked 
|  53|0x0000000087900000, 0x0000000087900000, 0x0000000087a00000|  0%| F|  |TAMS 0x0000000087900000| PB 0x0000000087900000| Untracked 
|  54|0x0000000087a00000, 0x0000000087a00000, 0x0000000087b00000|  0%| F|  |TAMS 0x0000000087a00000| PB 0x0000000087a00000| Untracked 
|  55|0x0000000087b00000, 0x0000000087b00000, 0x0000000087c00000|  0%| F|  |TAMS 0x0000000087b00000| PB 0x0000000087b00000| Untracked 
|  56|0x0000000087c00000, 0x0000000087c00000, 0x0000000087d00000|  0%| F|  |TAMS 0x0000000087c00000| PB 0x0000000087c00000| Untracked 
|  57|0x0000000087d00000, 0x0000000087d00000, 0x0000000087e00000|  0%| F|  |TAMS 0x0000000087d00000| PB 0x0000000087d00000| Untracked 
|  58|0x0000000087e00000, 0x0000000087e00000, 0x0000000087f00000|  0%| F|  |TAMS 0x0000000087e00000| PB 0x0000000087e00000| Untracked 
|  59|0x0000000087f00000, 0x0000000087f00000, 0x0000000088000000|  0%| F|  |TAMS 0x0000000087f00000| PB 0x0000000087f00000| Untracked 
|  60|0x0000000088000000, 0x0000000088000000, 0x0000000088100000|  0%| F|  |TAMS 0x0000000088000000| PB 0x0000000088000000| Untracked 
|  61|0x0000000088100000, 0x0000000088100000, 0x0000000088200000|  0%| F|  |TAMS 0x0000000088100000| PB 0x0000000088100000| Untracked 
|  62|0x0000000088200000, 0x0000000088200000, 0x0000000088300000|  0%| F|  |TAMS 0x0000000088200000| PB 0x0000000088200000| Untracked 
|  63|0x0000000088300000, 0x0000000088300000, 0x0000000088400000|  0%| F|  |TAMS 0x0000000088300000| PB 0x0000000088300000| Untracked 
|  64|0x0000000088400000, 0x0000000088400000, 0x0000000088500000|  0%| F|  |TAMS 0x0000000088400000| PB 0x0000000088400000| Untracked 
|  65|0x0000000088500000, 0x0000000088500000, 0x0000000088600000|  0%| F|  |TAMS 0x0000000088500000| PB 0x0000000088500000| Untracked 
|  66|0x0000000088600000, 0x0000000088600000, 0x0000000088700000|  0%| F|  |TAMS 0x0000000088600000| PB 0x0000000088600000| Untracked 
|  67|0x0000000088700000, 0x0000000088700000, 0x0000000088800000|  0%| F|  |TAMS 0x0000000088700000| PB 0x0000000088700000| Untracked 
|  68|0x0000000088800000, 0x0000000088800000, 0x0000000088900000|  0%| F|  |TAMS 0x0000000088800000| PB 0x0000000088800000| Untracked 
|  69|0x0000000088900000, 0x0000000088900000, 0x0000000088a00000|  0%| F|  |TAMS 0x0000000088900000| PB 0x0000000088900000| Untracked 
|  70|0x0000000088a00000, 0x0000000088a00000, 0x0000000088b00000|  0%| F|  |TAMS 0x0000000088a00000| PB 0x0000000088a00000| Untracked 
|  71|0x0000000088b00000, 0x0000000088b00000, 0x0000000088c00000|  0%| F|  |TAMS 0x0000000088b00000| PB 0x0000000088b00000| Untracked 
|  72|0x0000000088c00000, 0x0000000088c00000, 0x0000000088d00000|  0%| F|  |TAMS 0x0000000088c00000| PB 0x0000000088c00000| Untracked 
|  73|0x0000000088d00000, 0x0000000088d00000, 0x0000000088e00000|  0%| F|  |TAMS 0x0000000088d00000| PB 0x0000000088d00000| Untracked 
|  74|0x0000000088e00000, 0x0000000088e00000, 0x0000000088f00000|  0%| F|  |TAMS 0x0000000088e00000| PB 0x0000000088e00000| Untracked 
|  75|0x0000000088f00000, 0x0000000088f00000, 0x0000000089000000|  0%| F|  |TAMS 0x0000000088f00000| PB 0x0000000088f00000| Untracked 
|  76|0x0000000089000000, 0x0000000089000000, 0x0000000089100000|  0%| F|  |TAMS 0x0000000089000000| PB 0x0000000089000000| Untracked 
|  77|0x0000000089100000, 0x0000000089100000, 0x0000000089200000|  0%| F|  |TAMS 0x0000000089100000| PB 0x0000000089100000| Untracked 
|  78|0x0000000089200000, 0x0000000089200000, 0x0000000089300000|  0%| F|  |TAMS 0x0000000089200000| PB 0x0000000089200000| Untracked 
|  79|0x0000000089300000, 0x0000000089300000, 0x0000000089400000|  0%| F|  |TAMS 0x0000000089300000| PB 0x0000000089300000| Untracked 
|  80|0x0000000089400000, 0x0000000089400000, 0x0000000089500000|  0%| F|  |TAMS 0x0000000089400000| PB 0x0000000089400000| Untracked 
|  81|0x0000000089500000, 0x0000000089500000, 0x0000000089600000|  0%| F|  |TAMS 0x0000000089500000| PB 0x0000000089500000| Untracked 
|  82|0x0000000089600000, 0x0000000089600000, 0x0000000089700000|  0%| F|  |TAMS 0x0000000089600000| PB 0x0000000089600000| Untracked 
|  83|0x0000000089700000, 0x0000000089700000, 0x0000000089800000|  0%| F|  |TAMS 0x0000000089700000| PB 0x0000000089700000| Untracked 
|  84|0x0000000089800000, 0x0000000089800000, 0x0000000089900000|  0%| F|  |TAMS 0x0000000089800000| PB 0x0000000089800000| Untracked 
|  85|0x0000000089900000, 0x0000000089900000, 0x0000000089a00000|  0%| F|  |TAMS 0x0000000089900000| PB 0x0000000089900000| Untracked 
|  86|0x0000000089a00000, 0x0000000089a00000, 0x0000000089b00000|  0%| F|  |TAMS 0x0000000089a00000| PB 0x0000000089a00000| Untracked 
|  87|0x0000000089b00000, 0x0000000089b00000, 0x0000000089c00000|  0%| F|  |TAMS 0x0000000089b00000| PB 0x0000000089b00000| Untracked 
|  88|0x0000000089c00000, 0x0000000089c00000, 0x0000000089d00000|  0%| F|  |TAMS 0x0000000089c00000| PB 0x0000000089c00000| Untracked 
|  89|0x0000000089d00000, 0x0000000089d00000, 0x0000000089e00000|  0%| F|  |TAMS 0x0000000089d00000| PB 0x0000000089d00000| Untracked 
|  90|0x0000000089e00000, 0x0000000089e00000, 0x0000000089f00000|  0%| F|  |TAMS 0x0000000089e00000| PB 0x0000000089e00000| Untracked 
|  91|0x0000000089f00000, 0x0000000089f00000, 0x000000008a000000|  0%| F|  |TAMS 0x0000000089f00000| PB 0x0000000089f00000| Untracked 
|  92|0x000000008a000000, 0x000000008a000000, 0x000000008a100000|  0%| F|  |TAMS 0x000000008a000000| PB 0x000000008a000000| Untracked 
|  93|0x000000008a100000, 0x000000008a100000, 0x000000008a200000|  0%| F|  |TAMS 0x000000008a100000| PB 0x000000008a100000| Untracked 
|  94|0x000000008a200000, 0x000000008a200000, 0x000000008a300000|  0%| F|  |TAMS 0x000000008a200000| PB 0x000000008a200000| Untracked 
|  95|0x000000008a300000, 0x000000008a300000, 0x000000008a400000|  0%| F|  |TAMS 0x000000008a300000| PB 0x000000008a300000| Untracked 
|  96|0x000000008a400000, 0x000000008a400000, 0x000000008a500000|  0%| F|  |TAMS 0x000000008a400000| PB 0x000000008a400000| Untracked 
|  97|0x000000008a500000, 0x000000008a500000, 0x000000008a600000|  0%| F|  |TAMS 0x000000008a500000| PB 0x000000008a500000| Untracked 
|  98|0x000000008a600000, 0x000000008a700000, 0x000000008a700000|100%| S|CS|TAMS 0x000000008a600000| PB 0x000000008a600000| Complete 
|  99|0x000000008a700000, 0x000000008a800000, 0x000000008a800000|100%| S|CS|TAMS 0x000000008a700000| PB 0x000000008a700000| Complete 
| 100|0x000000008a800000, 0x000000008a900000, 0x000000008a900000|100%| S|CS|TAMS 0x000000008a800000| PB 0x000000008a800000| Complete 
| 101|0x000000008a900000, 0x000000008a900000, 0x000000008aa00000|  0%| F|  |TAMS 0x000000008a900000| PB 0x000000008a900000| Untracked 
| 102|0x000000008aa00000, 0x000000008aa00000, 0x000000008ab00000|  0%| F|  |TAMS 0x000000008aa00000| PB 0x000000008aa00000| Untracked 
| 103|0x000000008ab00000, 0x000000008ab00000, 0x000000008ac00000|  0%| F|  |TAMS 0x000000008ab00000| PB 0x000000008ab00000| Untracked 
| 104|0x000000008ac00000, 0x000000008ac00000, 0x000000008ad00000|  0%| F|  |TAMS 0x000000008ac00000| PB 0x000000008ac00000| Untracked 
| 105|0x000000008ad00000, 0x000000008ad00000, 0x000000008ae00000|  0%| F|  |TAMS 0x000000008ad00000| PB 0x000000008ad00000| Untracked 
| 106|0x000000008ae00000, 0x000000008ae00000, 0x000000008af00000|  0%| F|  |TAMS 0x000000008ae00000| PB 0x000000008ae00000| Untracked 
| 107|0x000000008af00000, 0x000000008af00000, 0x000000008b000000|  0%| F|  |TAMS 0x000000008af00000| PB 0x000000008af00000| Untracked 
| 108|0x000000008b000000, 0x000000008b000000, 0x000000008b100000|  0%| F|  |TAMS 0x000000008b000000| PB 0x000000008b000000| Untracked 
| 109|0x000000008b100000, 0x000000008b100000, 0x000000008b200000|  0%| F|  |TAMS 0x000000008b100000| PB 0x000000008b100000| Untracked 
| 110|0x000000008b200000, 0x000000008b267d20, 0x000000008b300000| 40%| E|  |TAMS 0x000000008b200000| PB 0x000000008b200000| Complete 
| 111|0x000000008b300000, 0x000000008b400000, 0x000000008b400000|100%| E|CS|TAMS 0x000000008b300000| PB 0x000000008b300000| Complete 
| 112|0x000000008b400000, 0x000000008b500000, 0x000000008b500000|100%| E|CS|TAMS 0x000000008b400000| PB 0x000000008b400000| Complete 
| 113|0x000000008b500000, 0x000000008b600000, 0x000000008b600000|100%| E|CS|TAMS 0x000000008b500000| PB 0x000000008b500000| Complete 
| 114|0x000000008b600000, 0x000000008b700000, 0x000000008b700000|100%| E|CS|TAMS 0x000000008b600000| PB 0x000000008b600000| Complete 
| 115|0x000000008b700000, 0x000000008b800000, 0x000000008b800000|100%| E|CS|TAMS 0x000000008b700000| PB 0x000000008b700000| Complete 
| 116|0x000000008b800000, 0x000000008b900000, 0x000000008b900000|100%| E|CS|TAMS 0x000000008b800000| PB 0x000000008b800000| Complete 
| 117|0x000000008b900000, 0x000000008ba00000, 0x000000008ba00000|100%| E|CS|TAMS 0x000000008b900000| PB 0x000000008b900000| Complete 
| 118|0x000000008ba00000, 0x000000008bb00000, 0x000000008bb00000|100%| E|CS|TAMS 0x000000008ba00000| PB 0x000000008ba00000| Complete 
| 119|0x000000008bb00000, 0x000000008bc00000, 0x000000008bc00000|100%| E|CS|TAMS 0x000000008bb00000| PB 0x000000008bb00000| Complete 
| 120|0x000000008bc00000, 0x000000008bd00000, 0x000000008bd00000|100%| E|CS|TAMS 0x000000008bc00000| PB 0x000000008bc00000| Complete 
| 121|0x000000008bd00000, 0x000000008be00000, 0x000000008be00000|100%| E|CS|TAMS 0x000000008bd00000| PB 0x000000008bd00000| Complete 
| 122|0x000000008be00000, 0x000000008bf00000, 0x000000008bf00000|100%| E|CS|TAMS 0x000000008be00000| PB 0x000000008be00000| Complete 
| 123|0x000000008bf00000, 0x000000008c000000, 0x000000008c000000|100%| E|  |TAMS 0x000000008bf00000| PB 0x000000008bf00000| Complete 

Card table byte_map: [0x0000024ff2050000,0x0000024ff2430000] _byte_map_base: 0x0000024ff1c2e000

Marking Bits: (CMBitMap*) 0x0000024fd89d75b0
 Bits: [0x0000024ff2810000, 0x0000024ff4700000)

Polling page: 0x0000024fd8a30000

Metaspace:

Usage:
  Non-class:      8.89 MB used.
      Class:      1.25 MB used.
       Both:     10.14 MB used.

Virtual space:
  Non-class space:       64.00 MB reserved,       9.00 MB ( 14%) committed,  1 nodes.
      Class space:        1.00 GB reserved,       1.38 MB ( <1%) committed,  1 nodes.
             Both:        1.06 GB reserved,      10.38 MB ( <1%) committed. 

Chunk freelists:
   Non-Class:  2.64 MB
       Class:  2.53 MB
        Both:  5.17 MB

MaxMetaspaceSize: unlimited
CompressedClassSpaceSize: 1.00 GB
Initial GC threshold: 21.00 MB
Current GC threshold: 21.00 MB
CDS: on
MetaspaceReclaimPolicy: balanced
 - commit_granule_bytes: 65536.
 - commit_granule_words: 8192.
 - virtual_space_node_default_size: 8388608.
 - enlarge_chunks_in_place: 1.
 - new_chunks_are_fully_committed: 0.
 - uncommit_free_chunks: 1.
 - use_allocation_guard: 0.


Internal statistics:

num_allocs_failed_limit: 0.
num_arena_births: 242.
num_arena_deaths: 0.
num_vsnodes_births: 2.
num_vsnodes_deaths: 0.
num_space_committed: 166.
num_space_uncommitted: 0.
num_chunks_returned_to_freelist: 0.
num_chunks_taken_from_freelist: 584.
num_chunk_merges: 0.
num_chunk_splits: 361.
num_chunks_enlarged: 229.
num_inconsistent_stats: 0.

CodeHeap 'non-profiled nmethods': size=120000Kb used=568Kb max_used=568Kb free=119431Kb
 bounds [0x0000024fe9cd0000, 0x0000024fe9f40000, 0x0000024ff1200000]
CodeHeap 'profiled nmethods': size=120000Kb used=3022Kb max_used=3022Kb free=116977Kb
 bounds [0x0000024fe2200000, 0x0000024fe2500000, 0x0000024fe9730000]
CodeHeap 'non-nmethods': size=5760Kb used=1558Kb max_used=1573Kb free=4202Kb
 bounds [0x0000024fe9730000, 0x0000024fe99a0000, 0x0000024fe9cd0000]
 total_blobs=2204 nmethods=1723 adapters=391
 compilation: enabled
              stopped_count=0, restarted_count=0
 full_count=0

Compilation events (20 events):
Event: 2.063 Thread 0x0000024ff71cb690 1663       3       jdk.internal.org.objectweb.asm.ClassWriter::visitField (53 bytes)
Event: 2.063 Thread 0x0000024ff71cb690 nmethod 1663 0x0000024fe24c9610 code [0x0000024fe24c97c0, 0x0000024fe24c9b18]
Event: 2.063 Thread 0x0000024ff71cb690 1664       3       jdk.internal.org.objectweb.asm.FieldWriter::<init> (69 bytes)
Event: 2.063 Thread 0x0000024ff71c8d00 nmethod 1653 0x0000024fe9d5bb10 code [0x0000024fe9d5bca0, 0x0000024fe9d5bf70]
Event: 2.063 Thread 0x0000024ff71c8d00 1666       4       jdk.internal.org.objectweb.asm.Frame::execute (2305 bytes)
Event: 2.063 Thread 0x0000024ff71cb690 nmethod 1664 0x0000024fe24c9c90 code [0x0000024fe24c9e60, 0x0000024fe24ca210]
Event: 2.063 Thread 0x0000024ff71cb690 1665       3       jdk.internal.org.objectweb.asm.FieldVisitor::<init> (7 bytes)
Event: 2.063 Thread 0x0000024ff71cb690 nmethod 1665 0x0000024fe24ca410 code [0x0000024fe24ca5a0, 0x0000024fe24ca6e0]
Event: 2.063 Thread 0x0000024ff71cb690 1660       3       jdk.internal.misc.Unsafe::convEndian (16 bytes)
Event: 2.064 Thread 0x0000024ff71cb690 nmethod 1660 0x0000024fe24ca790 code [0x0000024fe24ca920, 0x0000024fe24caae0]
Event: 2.064 Thread 0x0000024ff71cb690 1661       3       java.lang.Short::reverseBytes (14 bytes)
Event: 2.064 Thread 0x0000024ff71cb690 nmethod 1661 0x0000024fe24cab90 code [0x0000024fe24cad20, 0x0000024fe24cae28]
Event: 2.064 Thread 0x0000024ff71cb690 1667       3       java.lang.invoke.BoundMethodHandle$Species_L::<init> (12 bytes)
Event: 2.065 Thread 0x0000024ff71cb690 nmethod 1667 0x0000024fe24cae90 code [0x0000024fe24cb020, 0x0000024fe24cb240]
Event: 2.065 Thread 0x0000024ff71cb690 1668       3       jdk.internal.misc.Unsafe::getShortUnaligned (12 bytes)
Event: 2.065 Thread 0x0000024ff71cb690 nmethod 1668 0x0000024fe24cb310 code [0x0000024fe24cb4a0, 0x0000024fe24cb6e0]
Event: 2.066 Thread 0x0000024ff71cb690 1669       3       sun.reflect.generics.visitor.Reifier::make (9 bytes)
Event: 2.066 Thread 0x0000024ff71cb690 nmethod 1669 0x0000024fe24cb810 code [0x0000024fe24cb9a0, 0x0000024fe24cbc08]
Event: 2.066 Thread 0x0000024ff71cb690 1670       3       sun.reflect.generics.visitor.Reifier::<init> (10 bytes)
Event: 2.066 Thread 0x0000024ff71cb690 nmethod 1670 0x0000024fe24cbd10 code [0x0000024fe24cbea0, 0x0000024fe24cc058]

GC Heap History (2 events):
Event: 1.526 GC heap before
{Heap before GC invocations=0 (full 0):
 garbage-first heap   total 126976K, used 23552K [0x0000000084400000, 0x0000000100000000)
  region size 1024K, 23 young (23552K), 0 survivors (0K)
 Metaspace       used 6912K, committed 7168K, reserved 1114112K
  class space    used 807K, committed 896K, reserved 1048576K
}
Event: 1.534 GC heap after
{Heap after GC invocations=1 (full 0):
 garbage-first heap   total 126976K, used 6592K [0x0000000084400000, 0x0000000100000000)
  region size 1024K, 3 young (3072K), 3 survivors (3072K)
 Metaspace       used 6912K, committed 7168K, reserved 1114112K
  class space    used 807K, committed 896K, reserved 1048576K
}

Dll operation events (10 events):
Event: 0.054 Loaded shared library C:\Users\DELL\.jdks\openjdk-20.0.1\bin\java.dll
Event: 0.353 Loaded shared library C:\Users\DELL\.jdks\openjdk-20.0.1\bin\jsvml.dll
Event: 0.459 Loaded shared library C:\Users\DELL\.jdks\openjdk-20.0.1\bin\zip.dll
Event: 0.488 Loaded shared library C:\Users\DELL\.jdks\openjdk-20.0.1\bin\instrument.dll
Event: 0.495 Loaded shared library C:\Users\DELL\.jdks\openjdk-20.0.1\bin\net.dll
Event: 0.496 Loaded shared library C:\Users\DELL\.jdks\openjdk-20.0.1\bin\nio.dll
Event: 0.500 Loaded shared library C:\Users\DELL\.jdks\openjdk-20.0.1\bin\zip.dll
Event: 0.606 Loaded shared library C:\Users\DELL\IntelliJ IDEA Community Edition 2023.2\bin\breakgen64.dll
Event: 0.616 Loaded shared library C:\Users\DELL\.jdks\openjdk-20.0.1\bin\extnet.dll
Event: 0.669 Loaded shared library C:\Users\DELL\.jdks\openjdk-20.0.1\bin\jimage.dll

Deoptimization events (20 events):
Event: 1.579 Thread 0x0000024fd897ad00 Uncommon trap: trap_request=0xffffffc6 fr.pc=0x0000024fe9d2a180 relative=0x00000000000002c0
Event: 1.579 Thread 0x0000024fd897ad00 Uncommon trap: reason=bimorphic_or_optimized_type_check action=maybe_recompile pc=0x0000024fe9d2a180 method=java.util.concurrent.ConcurrentHashMap.get(Ljava/lang/Object;)Ljava/lang/Object; @ 149 c2
Event: 1.579 Thread 0x0000024fd897ad00 DEOPT PACKING pc=0x0000024fe9d2a180 sp=0x00000060a24fe040
Event: 1.579 Thread 0x0000024fd897ad00 DEOPT UNPACKING pc=0x0000024fe974d2a2 sp=0x00000060a24fdfb0 mode 2
Event: 1.579 Thread 0x0000024fd897ad00 Uncommon trap: trap_request=0xffffffc6 fr.pc=0x0000024fe9d2a180 relative=0x00000000000002c0
Event: 1.579 Thread 0x0000024fd897ad00 Uncommon trap: reason=bimorphic_or_optimized_type_check action=maybe_recompile pc=0x0000024fe9d2a180 method=java.util.concurrent.ConcurrentHashMap.get(Ljava/lang/Object;)Ljava/lang/Object; @ 149 c2
Event: 1.579 Thread 0x0000024fd897ad00 DEOPT PACKING pc=0x0000024fe9d2a180 sp=0x00000060a24fdfc0
Event: 1.579 Thread 0x0000024fd897ad00 DEOPT UNPACKING pc=0x0000024fe974d2a2 sp=0x00000060a24fdf30 mode 2
Event: 1.859 Thread 0x0000024fd897ad00 Uncommon trap: trap_request=0xffffff45 fr.pc=0x0000024fe9d24b78 relative=0x00000000000000f8
Event: 1.859 Thread 0x0000024fd897ad00 Uncommon trap: reason=unstable_if action=reinterpret pc=0x0000024fe9d24b78 method=java.util.concurrent.locks.AbstractQueuedSynchronizer.release(I)Z @ 5 c2
Event: 1.859 Thread 0x0000024fd897ad00 DEOPT PACKING pc=0x0000024fe9d24b78 sp=0x00000060a24ff080
Event: 1.859 Thread 0x0000024fd897ad00 DEOPT UNPACKING pc=0x0000024fe974d2a2 sp=0x00000060a24fef78 mode 2
Event: 2.056 Thread 0x0000024fd897ad00 Uncommon trap: trap_request=0xffffffc6 fr.pc=0x0000024fe9d2a180 relative=0x00000000000002c0
Event: 2.056 Thread 0x0000024fd897ad00 Uncommon trap: reason=bimorphic_or_optimized_type_check action=maybe_recompile pc=0x0000024fe9d2a180 method=java.util.concurrent.ConcurrentHashMap.get(Ljava/lang/Object;)Ljava/lang/Object; @ 149 c2
Event: 2.056 Thread 0x0000024fd897ad00 DEOPT PACKING pc=0x0000024fe9d2a180 sp=0x00000060a24feb20
Event: 2.056 Thread 0x0000024fd897ad00 DEOPT UNPACKING pc=0x0000024fe974d2a2 sp=0x00000060a24fea90 mode 2
Event: 2.056 Thread 0x0000024fd897ad00 Uncommon trap: trap_request=0xffffffc6 fr.pc=0x0000024fe9d2a180 relative=0x00000000000002c0
Event: 2.056 Thread 0x0000024fd897ad00 Uncommon trap: reason=bimorphic_or_optimized_type_check action=maybe_recompile pc=0x0000024fe9d2a180 method=java.util.concurrent.ConcurrentHashMap.get(Ljava/lang/Object;)Ljava/lang/Object; @ 149 c2
Event: 2.056 Thread 0x0000024fd897ad00 DEOPT PACKING pc=0x0000024fe9d2a180 sp=0x00000060a24feaa0
Event: 2.056 Thread 0x0000024fd897ad00 DEOPT UNPACKING pc=0x0000024fe974d2a2 sp=0x00000060a24fea10 mode 2

Classes loaded (20 events):
Event: 2.009 Loading class java/lang/Deprecated
Event: 2.009 Loading class java/lang/Deprecated done
Event: 2.029 Loading class java/util/concurrent/Callable
Event: 2.029 Loading class java/util/concurrent/Callable done
Event: 2.031 Loading class java/lang/StackTraceElement$HashedModules
Event: 2.031 Loading class java/lang/StackTraceElement$HashedModules done
Event: 2.036 Loading class java/time/temporal/TemporalAdjusters
Event: 2.036 Loading class java/time/temporal/TemporalAdjusters done
Event: 2.037 Loading class java/time/zone/ZoneOffsetTransitionRule$1
Event: 2.037 Loading class java/time/zone/ZoneOffsetTransitionRule$1 done
Event: 2.037 Loading class java/time/ZonedDateTime$1
Event: 2.037 Loading class java/time/ZonedDateTime$1 done
Event: 2.043 Loading class org/xml/sax/ErrorHandler
Event: 2.043 Loading class org/xml/sax/ErrorHandler done
Event: 2.043 Loading class org/xml/sax/SAXParseException
Event: 2.043 Loading class org/xml/sax/SAXParseException done
Event: 2.047 Loading class java/io/CharConversionException
Event: 2.047 Loading class java/io/CharConversionException done
Event: 2.065 Loading class java/lang/annotation/Repeatable
Event: 2.065 Loading class java/lang/annotation/Repeatable done

Classes unloaded (0 events):
No events

Classes redefined (0 events):
No events

Internal exceptions (20 events):
Event: 1.587 Thread 0x0000024fd897ad00 Exception <a 'java/lang/NoSuchMethodError'{0x000000008bea77f0}: 'java.lang.Object java.lang.invoke.DirectMethodHandle$Holder.invokeSpecial(java.lang.Object, java.lang.Object, java.lang.Object, int, java.lang.Object)'> (0x000000008bea77f0) 
thrown [s\open\src\hotspot\share\interpreter\linkResolver.cpp, line 773]
Event: 1.588 Thread 0x0000024fd897ad00 Exception <a 'java/lang/NoSuchMethodError'{0x000000008beafb90}: 'java.lang.Object java.lang.invoke.DirectMethodHandle$Holder.newInvokeSpecial(java.lang.Object, java.lang.Object, java.lang.Object, int, java.lang.Object)'> (0x000000008beafb90) 
thrown [s\open\src\hotspot\share\interpreter\linkResolver.cpp, line 773]
Event: 1.589 Thread 0x0000024fd897ad00 Exception <a 'java/lang/NoSuchMethodError'{0x000000008beb7048}: 'java.lang.Object java.lang.invoke.Invokers$Holder.linkToTargetMethod(java.lang.Object, java.lang.Object, int, java.lang.Object, java.lang.Object)'> (0x000000008beb7048) 
thrown [s\open\src\hotspot\share\interpreter\linkResolver.cpp, line 773]
Event: 1.590 Thread 0x0000024fd897ad00 Exception <a 'java/lang/NoSuchMethodError'{0x000000008bec56f8}: 'java.lang.Object java.lang.invoke.DirectMethodHandle$Holder.newInvokeSpecial(java.lang.Object, int, java.lang.Object)'> (0x000000008bec56f8) 
thrown [s\open\src\hotspot\share\interpreter\linkResolver.cpp, line 773]
Event: 1.591 Thread 0x0000024fd897ad00 Exception <a 'java/lang/NoSuchMethodError'{0x000000008beca130}: 'int java.lang.invoke.DirectMethodHandle$Holder.invokeSpecialIFC(java.lang.Object, java.lang.Object, java.lang.Object, java.lang.Object)'> (0x000000008beca130) 
thrown [s\open\src\hotspot\share\interpreter\linkResolver.cpp, line 773]
Event: 1.616 Thread 0x0000024fd897ad00 Exception <a 'java/lang/NoSuchMethodError'{0x000000008bd9c140}: 'void java.lang.invoke.DirectMethodHandle$Holder.invokeInterface(java.lang.Object, java.lang.Object, java.lang.Object)'> (0x000000008bd9c140) 
thrown [s\open\src\hotspot\share\interpreter\linkResolver.cpp, line 773]
Event: 1.634 Thread 0x0000024fd897ad00 Exception <a 'java/lang/NoSuchMethodError'{0x000000008bc0d1e0}: 'void java.lang.invoke.DirectMethodHandle$Holder.invokeStaticInit(java.lang.Object, java.lang.Object)'> (0x000000008bc0d1e0) 
thrown [s\open\src\hotspot\share\interpreter\linkResolver.cpp, line 773]
Event: 1.637 Thread 0x0000024fd897ad00 Exception <a 'java/lang/NoSuchMethodError'{0x000000008bc1dcc8}: 'void java.lang.invoke.DirectMethodHandle$Holder.invokeStaticInit(java.lang.Object, java.lang.Object, java.lang.Object)'> (0x000000008bc1dcc8) 
thrown [s\open\src\hotspot\share\interpreter\linkResolver.cpp, line 773]
Event: 1.643 Thread 0x0000024fd897ad00 Exception <a 'java/lang/NoSuchMethodError'{0x000000008bc61c08}: 'java.lang.Object java.lang.invoke.DirectMethodHandle$Holder.invokeStatic(java.lang.Object, long, java.lang.Object)'> (0x000000008bc61c08) 
thrown [s\open\src\hotspot\share\interpreter\linkResolver.cpp, line 773]
Event: 1.643 Thread 0x0000024fd897ad00 Exception <a 'java/lang/NoSuchMethodError'{0x000000008bc65550}: 'java.lang.Object java.lang.invoke.DirectMethodHandle$Holder.invokeStaticInit(java.lang.Object, long, java.lang.Object)'> (0x000000008bc65550) 
thrown [s\open\src\hotspot\share\interpreter\linkResolver.cpp, line 773]
Event: 1.644 Thread 0x0000024fd897ad00 Exception <a 'java/lang/NoSuchMethodError'{0x000000008bc6b2b0}: 'java.lang.Object java.lang.invoke.DirectMethodHandle$Holder.newInvokeSpecial(java.lang.Object, long)'> (0x000000008bc6b2b0) 
thrown [s\open\src\hotspot\share\interpreter\linkResolver.cpp, line 773]
Event: 1.683 Thread 0x0000024fd897ad00 Exception <a 'java/lang/NoSuchMethodError'{0x000000008bcb4f08}: 'void java.lang.invoke.DirectMethodHandle$Holder.invokeSpecial(java.lang.Object, java.lang.Object, java.lang.Object, java.lang.Object, java.lang.Object)'> (0x000000008bcb4f08) 
thrown [s\open\src\hotspot\share\interpreter\linkResolver.cpp, line 773]
Event: 1.684 Thread 0x0000024fd897ad00 Exception <a 'java/lang/NoSuchMethodError'{0x000000008bcbd238}: 'void java.lang.invoke.DirectMethodHandle$Holder.invokeVirtual(java.lang.Object, java.lang.Object, java.lang.Object, java.lang.Object)'> (0x000000008bcbd238) 
thrown [s\open\src\hotspot\share\interpreter\linkResolver.cpp, line 773]
Event: 1.828 Thread 0x0000024fd897ad00 Exception <a 'java/lang/NoSuchMethodError'{0x000000008ba0e8c0}: 'void java.lang.invoke.DirectMethodHandle$Holder.invokeSpecial(java.lang.Object, java.lang.Object, java.lang.Object)'> (0x000000008ba0e8c0) 
thrown [s\open\src\hotspot\share\interpreter\linkResolver.cpp, line 773]
Event: 1.845 Thread 0x0000024fd897ad00 Exception <a 'java/lang/IncompatibleClassChangeError'{0x000000008ba3d600}: Found class java.lang.Object, but interface was expected> (0x000000008ba3d600) 
thrown [s\open\src\hotspot\share\interpreter\linkResolver.cpp, line 840]
Event: 1.846 Thread 0x0000024ffc3baf30 Exception <a 'java/lang/NoClassDefFoundError'{0x000000008ba793a8}: jakarta/validation/Validation> (0x000000008ba793a8) 
thrown [s\open\src\hotspot\share\classfile\systemDictionary.cpp, line 294]
Event: 1.861 Thread 0x0000024fd897ad00 Exception <a 'java/lang/NoSuchMethodError'{0x000000008ba52a78}: 'java.lang.Object java.lang.invoke.DirectMethodHandle$Holder.invokeStaticInit(java.lang.Object, int)'> (0x000000008ba52a78) 
thrown [s\open\src\hotspot\share\interpreter\linkResolver.cpp, line 773]
Event: 1.863 Thread 0x0000024fd897ad00 Exception <a 'java/lang/NoSuchMethodError'{0x000000008ba5db20}: 'java.lang.Object java.lang.invoke.DirectMethodHandle$Holder.invokeStatic(java.lang.Object, int, java.lang.Object)'> (0x000000008ba5db20) 
thrown [s\open\src\hotspot\share\interpreter\linkResolver.cpp, line 773]
Event: 1.872 Thread 0x0000024fd897ad00 Exception <a 'java/lang/NoSuchMethodError'{0x000000008ba61170}: 'java.lang.Object java.lang.invoke.DirectMethodHandle$Holder.invokeStaticInit(java.lang.Object, int, java.lang.Object)'> (0x000000008ba61170) 
thrown [s\open\src\hotspot\share\interpreter\linkResolver.cpp, line 773]
Event: 1.954 Thread 0x0000024ffc3baf30 Exception <a 'java/lang/NoClassDefFoundError'{0x000000008b86b8a0}: org/apache/tomcat/util/http/Rfc6265CookieProcessor> (0x000000008b86b8a0) 
thrown [s\open\src\hotspot\share\classfile\systemDictionary.cpp, line 294]

VM Operations (20 events):
Event: 0.674 Executing VM operation: HandshakeAllThreads
Event: 0.675 Executing VM operation: HandshakeAllThreads done
Event: 1.122 Executing VM operation: HandshakeAllThreads
Event: 1.122 Executing VM operation: HandshakeAllThreads done
Event: 1.122 Executing VM operation: HandshakeAllThreads
Event: 1.122 Executing VM operation: HandshakeAllThreads done
Event: 1.246 Executing VM operation: HandshakeAllThreads
Event: 1.246 Executing VM operation: HandshakeAllThreads done
Event: 1.501 Executing VM operation: ICBufferFull
Event: 1.501 Executing VM operation: ICBufferFull done
Event: 1.526 Executing VM operation: G1CollectForAllocation
Event: 1.534 Executing VM operation: G1CollectForAllocation done
Event: 1.550 Executing VM operation: HandshakeAllThreads
Event: 1.550 Executing VM operation: HandshakeAllThreads done
Event: 1.817 Executing VM operation: HandshakeAllThreads
Event: 1.817 Executing VM operation: HandshakeAllThreads done
Event: 1.824 Executing VM operation: HandshakeAllThreads
Event: 1.824 Executing VM operation: HandshakeAllThreads done
Event: 1.824 Executing VM operation: HandshakeAllThreads
Event: 1.824 Executing VM operation: HandshakeAllThreads done

Events (18 events):
Event: 0.354 Thread 0x0000024fd897ad00 Thread added: 0x0000024fd897ad00
Event: 0.368 Thread 0x0000024ff71c13c0 Thread added: 0x0000024ff71c13c0
Event: 0.368 Thread 0x0000024ff71c1fc0 Thread added: 0x0000024ff71c1fc0
Event: 0.368 Thread 0x0000024ff71c40b0 Thread added: 0x0000024ff71c40b0
Event: 0.368 Thread 0x0000024ff71c49f0 Thread added: 0x0000024ff71c49f0
Event: 0.368 Thread 0x0000024ff71c5330 Thread added: 0x0000024ff71c5330
Event: 0.368 Thread 0x0000024ff71c5c70 Thread added: 0x0000024ff71c5c70
Event: 0.369 Thread 0x0000024ff71c8d00 Thread added: 0x0000024ff71c8d00
Event: 0.373 Thread 0x0000024ff71cb690 Thread added: 0x0000024ff71cb690
Event: 0.435 Thread 0x0000024ffb4d2020 Thread added: 0x0000024ffb4d2020
Event: 0.562 Thread 0x0000024ffb67dac0 Thread added: 0x0000024ffb67dac0
Event: 0.607 Thread 0x0000024ffb84fcc0 Thread added: 0x0000024ffb84fcc0
Event: 0.607 Thread 0x0000024ffb7c94c0 Thread added: 0x0000024ffb7c94c0
Event: 1.051 Thread 0x0000024ffb67dac0 Thread exited: 0x0000024ffb67dac0
Event: 1.204 Thread 0x0000024ffbb5b3d0 Thread added: 0x0000024ffbb5b3d0
Event: 1.842 Thread 0x0000024ffc3baf30 Thread added: 0x0000024ffc3baf30
Event: 1.954 Thread 0x0000024ffc3baf30 Thread exited: 0x0000024ffc3baf30
Event: 2.032 Thread 0x0000024ffbb5b3d0 Thread exited: 0x0000024ffbb5b3d0


Dynamic libraries:
0x00007ff759ee0000 - 0x00007ff759eee000 	C:\Users\DELL\.jdks\openjdk-20.0.1\bin\java.exe
0x00007ff84df30000 - 0x00007ff84e147000 	C:\WINDOWS\SYSTEM32\ntdll.dll
0x00007ff84ce20000 - 0x00007ff84cee4000 	C:\WINDOWS\System32\KERNEL32.DLL
0x00007ff84b8d0000 - 0x00007ff84bc75000 	C:\WINDOWS\System32\KERNELBASE.dll
0x00007ff84b6e0000 - 0x00007ff84b7f1000 	C:\WINDOWS\System32\ucrtbase.dll
0x00007ff843140000 - 0x00007ff843157000 	C:\Users\DELL\.jdks\openjdk-20.0.1\bin\jli.dll
0x00007ff84bc80000 - 0x00007ff84be2e000 	C:\WINDOWS\System32\USER32.dll
0x00007ff84b800000 - 0x00007ff84b826000 	C:\WINDOWS\System32\win32u.dll
0x00007ff836f10000 - 0x00007ff8371a3000 	C:\WINDOWS\WinSxS\amd64_microsoft.windows.common-controls_6595b64144ccf1df_6.0.22621.2506_none_270c5ae97388e100\COMCTL32.dll
0x00007ff84dba0000 - 0x00007ff84dbc9000 	C:\WINDOWS\System32\GDI32.dll
0x00007ff84cac0000 - 0x00007ff84cb67000 	C:\WINDOWS\System32\msvcrt.dll
0x00007ff84b310000 - 0x00007ff84b429000 	C:\WINDOWS\System32\gdi32full.dll
0x00007ff84b830000 - 0x00007ff84b8ca000 	C:\WINDOWS\System32\msvcp_win.dll
0x00007ff838a60000 - 0x00007ff838a7b000 	C:\Users\DELL\.jdks\openjdk-20.0.1\bin\VCRUNTIME140.dll
0x00007ff84ccb0000 - 0x00007ff84cce1000 	C:\WINDOWS\System32\IMM32.DLL
0x00007ff834fa0000 - 0x00007ff834fac000 	C:\Users\DELL\.jdks\openjdk-20.0.1\bin\vcruntime140_1.dll
0x00007ff81b660000 - 0x00007ff81b6ee000 	C:\Users\DELL\.jdks\openjdk-20.0.1\bin\msvcp140.dll
0x00007fffa2c70000 - 0x00007fffa3907000 	C:\Users\DELL\.jdks\openjdk-20.0.1\bin\server\jvm.dll
0x00007ff84dae0000 - 0x00007ff84db91000 	C:\WINDOWS\System32\ADVAPI32.dll
0x00007ff84de40000 - 0x00007ff84dee6000 	C:\WINDOWS\System32\sechost.dll
0x00007ff84dd20000 - 0x00007ff84de37000 	C:\WINDOWS\System32\RPCRT4.dll
0x00007ff846830000 - 0x00007ff846864000 	C:\WINDOWS\SYSTEM32\WINMM.dll
0x00007ff838a50000 - 0x00007ff838a59000 	C:\WINDOWS\SYSTEM32\WSOCK32.dll
0x00007ff84c830000 - 0x00007ff84c8a1000 	C:\WINDOWS\System32\WS2_32.dll
0x00007ff846c00000 - 0x00007ff846c0a000 	C:\WINDOWS\SYSTEM32\VERSION.dll
0x00007ff84a330000 - 0x00007ff84a348000 	C:\WINDOWS\SYSTEM32\kernel.appcore.dll
0x00007ff834f90000 - 0x00007ff834f9a000 	C:\Users\DELL\.jdks\openjdk-20.0.1\bin\jimage.dll
0x00007ff848bc0000 - 0x00007ff848df3000 	C:\WINDOWS\SYSTEM32\DBGHELP.DLL
0x00007ff84d120000 - 0x00007ff84d4a9000 	C:\WINDOWS\System32\combase.dll
0x00007ff84cb70000 - 0x00007ff84cc47000 	C:\WINDOWS\System32\OLEAUT32.dll
0x00007ff8441b0000 - 0x00007ff8441e2000 	C:\WINDOWS\SYSTEM32\dbgcore.DLL
0x00007ff84b660000 - 0x00007ff84b6da000 	C:\WINDOWS\System32\bcryptPrimitives.dll
0x00007ff831700000 - 0x00007ff83170e000 	C:\Users\DELL\.jdks\openjdk-20.0.1\bin\instrument.dll
0x00007ff827870000 - 0x00007ff827896000 	C:\Users\DELL\.jdks\openjdk-20.0.1\bin\java.dll
0x00007ff80bc00000 - 0x00007ff80bcd7000 	C:\Users\DELL\.jdks\openjdk-20.0.1\bin\jsvml.dll
0x00007ff84bed0000 - 0x00007ff84c729000 	C:\WINDOWS\System32\SHELL32.dll
0x00007ff8491c0000 - 0x00007ff849ab4000 	C:\WINDOWS\SYSTEM32\windows.storage.dll
0x00007ff849080000 - 0x00007ff8491be000 	C:\WINDOWS\SYSTEM32\wintypes.dll
0x00007ff84cd20000 - 0x00007ff84ce13000 	C:\WINDOWS\System32\SHCORE.dll
0x00007ff84cc50000 - 0x00007ff84ccae000 	C:\WINDOWS\System32\shlwapi.dll
0x00007ff84b1d0000 - 0x00007ff84b1f6000 	C:\WINDOWS\SYSTEM32\profapi.dll
0x00007ff80eeb0000 - 0x00007ff80eec8000 	C:\Users\DELL\.jdks\openjdk-20.0.1\bin\zip.dll
0x00007ff827640000 - 0x00007ff827653000 	C:\Users\DELL\.jdks\openjdk-20.0.1\bin\net.dll
0x00007ff847dc0000 - 0x00007ff847ef7000 	C:\WINDOWS\SYSTEM32\WINHTTP.dll
0x00007ff84a810000 - 0x00007ff84a879000 	C:\WINDOWS\system32\mswsock.dll
0x00007ff80eed0000 - 0x00007ff80eee6000 	C:\Users\DELL\.jdks\openjdk-20.0.1\bin\nio.dll
0x00007ff826f50000 - 0x00007ff826f6a000 	C:\Users\DELL\IntelliJ IDEA Community Edition 2023.2\bin\breakgen64.dll
0x00007ff82b4c0000 - 0x00007ff82b4c7000 	C:\Users\DELL\.jdks\openjdk-20.0.1\bin\extnet.dll

dbghelp: loaded successfully - version: 4.0.5 - missing functions: none
symbol engine: initialized successfully - sym options: 0x614 - pdb path: .;C:\Users\DELL\.jdks\openjdk-20.0.1\bin;C:\WINDOWS\SYSTEM32;C:\WINDOWS\WinSxS\amd64_microsoft.windows.common-controls_6595b64144ccf1df_6.0.22621.2506_none_270c5ae97388e100;C:\Users\DELL\.jdks\openjdk-20.0.1\bin\server;C:\Users\DELL\IntelliJ IDEA Community Edition 2023.2\bin

VM Arguments:
jvm_args: -javaagent:C:\Users\DELL\IntelliJ IDEA Community Edition 2023.2\lib\idea_rt.jar=58639:C:\Users\DELL\IntelliJ IDEA Community Edition 2023.2\bin -Dfile.encoding=UTF-8 -Dsun.stdout.encoding=UTF-8 -Dsun.stderr.encoding=UTF-8 
java_command: com.projet.ProjetApplication
java_class_path (initial): C:\Users\DELL\Desktop\Semestre1\soa\workspace\projet\projet\target\classes;C:\Users\DELL\Desktop\Semestre1\soa\Outils\depot_local\org\springframework\boot\spring-boot-starter-data-jpa\3.2.0\spring-boot-starter-data-jpa-3.2.0.jar;C:\Users\DELL\Desktop\Semestre1\soa\Outils\depot_local\org\springframework\boot\spring-boot-starter-aop\3.2.0\spring-boot-starter-aop-3.2.0.jar;C:\Users\DELL\Desktop\Semestre1\soa\Outils\depot_local\org\springframework\spring-aop\6.1.1\spring-aop-6.1.1.jar;C:\Users\DELL\Desktop\Semestre1\soa\Outils\depot_local\org\aspectj\aspectjweaver\1.9.20.1\aspectjweaver-1.9.20.1.jar;C:\Users\DELL\Desktop\Semestre1\soa\Outils\depot_local\org\springframework\boot\spring-boot-starter-jdbc\3.2.0\spring-boot-starter-jdbc-3.2.0.jar;C:\Users\DELL\Desktop\Semestre1\soa\Outils\depot_local\com\zaxxer\HikariCP\5.0.1\HikariCP-5.0.1.jar;C:\Users\DELL\Desktop\Semestre1\soa\Outils\depot_local\org\springframework\spring-jdbc\6.1.1\spring-jdbc-6.1.1.jar;C:\Users\DELL\Desktop\Semestre1\soa\Outils\depot_local\org\hibernate\orm\hibernate-core\6.3.1.Final\hibernate-core-6.3.1.Final.jar;C:\Users\DELL\Desktop\Semestre1\soa\Outils\depot_local\jakarta\transaction\jakarta.transaction-api\2.0.1\jakarta.transaction-api-2.0.1.jar;C:\Users\DELL\Desktop\Semestre1\soa\Outils\depot_local\org\jboss\logging\jboss-logging\3.5.3.Final\jboss-logging-3.5.3.Final.jar;C:\Users\DELL\Desktop\Semestre1\soa\Outils\depot_local\org\hibernate\common\hibernate-commons-annotations\6.0.6.Final\hibernate-commons-annotations-6.0.6.Final.jar;C:\Users\DELL\Desktop\Semestre1\soa\Outils\depot_local\io\smallrye\jandex\3.1.2\jandex-3.1.2.jar;C:\Users\DELL\Desktop\Semestre1\soa\Outils\depot_local\com\fasterxml\classmate\1.6.0\classmate-1.6.0.jar;C:\Users\DELL\Desktop\Semestre1\soa\Outils\depot_local\net\bytebuddy\byte-buddy\1.14.10\byte-buddy-1.14.10.jar;C:\Users\DELL\Desktop\Semestre1\soa\Outils\depot_local\org\glassfish\jaxb\jaxb-runtime\4.0.4\jaxb-runtime-4.0.4.jar;C:\Users\DELL\Desktop\Semestre1\soa\Outils\depot_local\org\glassfish\jaxb\jaxb-core\4.0.4\jaxb-core-4.0.4.jar;C:\Users\DELL\Desktop\Semestre1\soa\Outils\depot_local\org\eclipse\angus\angus-activation\2.0.1\angus-activation-2.0.1.jar;C:\Users\DELL\Desktop\Semestre1\soa\Outils\depot_local\org\glassfish\jaxb\txw2\4.0.4\txw2-4.0.4.jar;C:\Users\DELL\Desktop\Semestre1\soa\Outils\depot_local\com\sun\istack\istack-commons-runtime\4.1.2\istack-commons-runtime-4.1.2.jar;C:\Users\DELL\Desktop\Semestre1\soa\Outils\depot_local\jakarta\inject\jakarta.inject-api\2.0.1\jakarta.inject-api-2.0.1.jar;C:\Users\DELL\Desktop\Semestre1\soa\Outils\depot_local\org\antlr\antlr4-runtime\4.10.1\antlr4-runtime-4.10.1.jar;C:\Users\DELL\Desktop\Semestre1\soa\Outils\depot_local\org\springframework\data\spring-data-jpa\3.2.0\spring-data-jpa-3.2.0.jar;C:\Users\DELL\Desktop\Semestre1\soa\Outils\depot_local\org\springframework\data\spring-data-commons\3.2.0\spring-data-commons-3.2.0.jar;C:\Users\DELL\Desktop\Semestre1\soa\Outils\depot_local\org\springframework\spring-orm\6.1.1\spring-orm-6.1.1.jar;C:\Users\DELL\Desktop\Semestre1\soa\Outils\depot_local\org\springframework\spring-context\6.1.1\spring-context-6.1.1.jar;C:\Users\DELL\Desktop\Semestre1\soa\Outils\depot_local\org\springframework\spring-expression\6.1.1\spring-expression-6.1.1.jar;C:\Users\DELL\Desktop\Semestre1\soa\Outils\depot_local\org\springframework\spring-tx\6.1.1\spring-tx-6.1.1.jar;C:\Users\DELL\Desktop\Semestre1\soa\Outils\depot_local\jakarta\annotation\jakarta.annotation-api\2.1.1\jakarta.annotation-api-2.1.1.jar;C:\Users\DELL\Desktop\Semestre1\soa\Outils\depot_local\org\slf4j\slf4j-api\2.0.9\slf4j-api-2.0.9.jar;C:\Users\DELL\Desktop\Semestre1\soa\Outils\depot_local\org\springframework\spring-aspects\6.1.1\spring-aspects-6.1.1.jar;C:\Users\DELL\Desktop\Semestre1\soa\Outils\depot_local\mysql\mysql-connector-java\5.1.6\mysql-connector-java-5.1.6.jar;C:\Users\DELL\Desktop\Semestre1\soa\Outils\depot_local\org\springframework\boot\spring-boot-starter\3.2.0\spring-boot-starter-3.2.0.jar;C:\Users\DELL\Desktop\Semestre1\soa\Outils\depot_local\org\springframework\boot\spring-boot\3.2.0\spring-boot-3.2.0.jar;C:\Users\DELL\Desktop\Semestre1\soa\Outils\depot_local\org\springframework\boot\spring-boot-autoconfigure\3.2.0\spring-boot-autoconfigure-3.2.0.jar;C:\Users\DELL\Desktop\Semestre1\soa\Outils\depot_local\org\springframework\boot\spring-boot-starter-logging\3.2.0\spring-boot-starter-logging-3.2.0.jar;C:\Users\DELL\Desktop\Semestre1\soa\Outils\depot_local\ch\qos\logback\logback-classic\1.4.11\logback-classic-1.4.11.jar;C:\Users\DELL\Desktop\Semestre1\soa\Outils\depot_local\ch\qos\logback\logback-core\1.4.11\logback-core-1.4.11.jar;C:\Users\DELL\Desktop\Semestre1\soa\Outils\depot_local\org\apache\logging\log4j\log4j-to-slf4j\2.21.1\log4j-to-slf4j-2.21.1.jar;C:\Users\DELL\Desktop\Semestre1\soa\Outils\depot_local\org\apache\logging\log4j\log4j-api\2.21.1\log4j-api-2.21.1.jar;C:\Users\DELL\Desktop\Semestre1\soa\Outils\depot_local\org\slf4j\jul-to-slf4j\2.0.9\jul-to-slf4j-2.0.9.jar;C:\Users\DELL\Desktop\Semestre1\soa\Outils\depot_local\org\yaml\snakeyaml\2.2\snakeyaml-2.2.jar;C:\Users\DELL\Desktop\Semestre1\soa\Outils\depot_local\jakarta\xml\bind\jakarta.xml.bind-api\4.0.1\jakarta.xml.bind-api-4.0.1.jar;C:\Users\DELL\Desktop\Semestre1\soa\Outils\depot_local\jakarta\activation\jakarta.activation-api\2.1.2\jakarta.activation-api-2.1.2.jar;C:\Users\DELL\Desktop\Semestre1\soa\Outils\depot_local\org\springframework\spring-core\6.1.1\spring-core-6.1.1.jar;C:\Users\DELL\Desktop\Semestre1\soa\Outils\depot_local\org\springframework\spring-jcl\6.1.1\spring-jcl-6.1.1.jar;C:\Users\DELL\Desktop\Semestre1\soa\Outils\depot_local\jakarta\persistence\jakarta.persistence-api\3.1.0\jakarta.persistence-api-3.1.0.jar;C:\Users\DELL\Desktop\Semestre1\soa\Outils\depot_local\org\springframework\spring-web\6.0.11\spring-web-6.0.11.jar;C:\Users\DELL\Desktop\Semestre1\soa\Outils\depot_local\org\springframework\spring-beans\6.1.1\spring-beans-6.1.1.jar;C:\Users\DELL\Desktop\Semestre1\soa\Outils\depot_local\io\micrometer\micrometer-observation\1.12.0\micrometer-observation-1.12.0.jar;C:\Users\DELL\Desktop\Semestre1\soa\Outils\depot_local\io\micrometer\micrometer-commons\1.12.0\micrometer-commons-1.12.0.jar
Launcher Type: SUN_STANDARD

[Global flags]
     intx CICompilerCount                          = 4                                         {product} {ergonomic}
     uint ConcGCThreads                            = 2                                         {product} {ergonomic}
     uint G1ConcRefinementThreads                  = 8                                         {product} {ergonomic}
   size_t G1HeapRegionSize                         = 1048576                                   {product} {ergonomic}
    uintx GCDrainStackTargetSize                   = 64                                        {product} {ergonomic}
   size_t InitialHeapSize                          = 130023424                                 {product} {ergonomic}
   size_t MarkStackSize                            = 4194304                                   {product} {ergonomic}
   size_t MaxHeapSize                              = 2076180480                                {product} {ergonomic}
   size_t MaxNewSize                               = 1245708288                                {product} {ergonomic}
   size_t MinHeapDeltaBytes                        = 1048576                                   {product} {ergonomic}
   size_t MinHeapSize                              = 8388608                                   {product} {ergonomic}
    uintx NonNMethodCodeHeapSize                   = 5839372                                {pd product} {ergonomic}
    uintx NonProfiledCodeHeapSize                  = 122909434                              {pd product} {ergonomic}
    uintx ProfiledCodeHeapSize                     = 122909434                              {pd product} {ergonomic}
    uintx ReservedCodeCacheSize                    = 251658240                              {pd product} {ergonomic}
     bool SegmentedCodeCache                       = true                                      {product} {ergonomic}
   size_t SoftMaxHeapSize                          = 2076180480                             {manageable} {ergonomic}
     bool UseCompressedClassPointers               = true                           {product lp64_product} {ergonomic}
     bool UseCompressedOops                        = true                           {product lp64_product} {ergonomic}
     bool UseG1GC                                  = true                                      {product} {ergonomic}
     bool UseLargePagesIndividualAllocation        = false                                  {pd product} {ergonomic}

Logging:
Log output configuration:
 #0: stdout all=warning uptime,level,tags foldmultilines=false
 #1: stderr all=off uptime,level,tags foldmultilines=false

Environment Variables:
JAVA_HOME=C:\Program Files\Java\jdk-17
PATH=C:\Program Files\Java\jdk-17\bin;C:\Program Files\Common Files\Oracle\Java\javapath;C:\Program Files\Java\jdk1.8.0_361\bin;C:\Program Files (x86)\Common Files\Oracle\Java\javapath;C:\oraclexe\app\oracle\product\11.2.0\server\bin;C:\Program Files\Microsoft MPI\Bin\;C:\Windows\system32;C:\Windows;C:\Windows\System32\Wbem;C:\Windows\System32\WindowsPowerShell\v1.0\;C:\Windows\System32\OpenSSH\;C:\Program Files (x86)\Microsoft SQL Server\150\DTS\Binn\;C:\Program Files\Azure Data Studio\bin;C:\Program Files (x86)\Microsoft SQL Server\150\Tools\Binn\;C:\Program Files\Microsoft SQL Server\150\Tools\Binn\;C:\Program Files\Microsoft SQL Server\150\DTS\Binn\;C:\Program Files\Microsoft SQL Server\Client SDK\ODBC\170\Tools\Binn\;C:\Program Files\nodejs\;C:\mongosh-1.6.2\bin;C:\Program Files\MongoDB\Server\6.0\bin;C:\wamp64\bin\php\php8.1.0;C:\composer;C:\Program Files\Java\jre1.8.0_361;C:\Users\DELL\Desktop\Semestre 2\idea_java\sqlite\sqlite-tools-win32-x86-3420000;C:\WINDOWS\system32;C:\WINDOWS;C:\WINDOWS\System32\Wbem;C:\WINDOWS\System32\WindowsPowerShell\v1.0\;C:\WINDOWS\System32\OpenSSH\;C:\Users\DELL\Desktop\Semestre1\soa\Outils\apache-maven-3.9.4-bin\apache-maven-3.9.4\bin;C:\Android_SDK;C:\Users\DELL\Desktop\Semestre1\soa\serveurs\glassfish7\bin;C:\Program Files\Git\cmd;C:\Program Files\Git\bin;C:\Users\DELL\AppData\Local\Pub\Cache\bin;C:\Users\DELL\AppData\Local\Pub\Cache\bin;C:\Users\DELL\AppData\Local\Programs\Python\Python310\Scripts;C:\Users\DELL\AppData\Local\Programs\Python\Python310;C:\Users\DELL\AppData\Local\Microsoft\WindowsApps;C:\Program Files\Azure Data Studio\bin;C:\Users\DELL\AppData\Local\Programs\Microsoft VS Code\bin;C:\Users\DELL\AppData\Roaming\npm;C:\Users\DELL\AppData\Roaming\Composer\vendor\bin;C:\Users\DELL\Desktop\Semestre 2\python\djangoenv\Scripts;C:\Users\DELL\IntelliJ IDEA Community Edition 2023.2\bin;;C:\flutter\Flutter_SDK\bin;C:\Users\DELL\AppData\Local\Pub\Cache\bin;
USERNAME=DELL
OS=Windows_NT
PROCESSOR_IDENTIFIER=Intel64 Family 6 Model 140 Stepping 1, GenuineIntel
TMP=C:\Users\DELL\AppData\Local\Temp
TEMP=C:\Users\DELL\AppData\Local\Temp




---------------  S Y S T E M  ---------------

OS:
 Windows 11 , 64 bit Build 22621 (10.0.22621.2506)
OS uptime: 8 days 1:07 hours

CPU: total 8 (initial active 8) (4 cores per cpu, 2 threads per core) family 6 model 140 stepping 1 microcode 0xac, cx8, cmov, fxsr, ht, mmx, 3dnowpref, sse, sse2, sse3, ssse3, sse4.1, sse4.2, popcnt, lzcnt, tsc, tscinvbit, avx, avx2, aes, erms, clmul, bmi1, bmi2, adx, avx512f, avx512dq, avx512cd, avx512bw, avx512vl, sha, fma, vzeroupper, avx512_vpopcntdq, avx512_vpclmulqdq, avx512_vaes, avx512_vnni, clflush, clflushopt, clwb, avx512_vbmi2, avx512_vbmi, rdtscp, rdpid, fsrm, gfni, avx512_bitalg, f16c, pku, cet_ibt, cet_ss, avx512_ifma

Memory: 4k page, system-wide physical 7918M (1485M free)
TotalPageFile size 21002M (AvailPageFile size 2M)
current process WorkingSet (physical memory assigned to process): 91M, peak: 91M
current process commit charge ("private bytes"): 229M, peak: 229M

vm_info: OpenJDK 64-Bit Server VM (20.0.1+9-29) for windows-amd64 JRE (20.0.1+9-29), built on 2023-03-07T13:56:11Z by "mach5one" with MS VC++ 17.1 (VS2022)

END.
