#
# There is insufficient memory for the Java Runtime Environment to continue.
# Native memory allocation (malloc) failed to allocate 1590528 bytes for Chunk::new
# Possible reasons:
#   The system is out of physical RAM or swap space
#   The process is running with CompressedOops enabled, and the Java Heap may be blocking the growth of the native heap
# Possible solutions:
#   Reduce memory load on the system
#   Increase physical memory or swap space
#   Check if swap backing store is full
#   Decrease Java heap size (-Xmx/-Xms)
#   Decrease number of Java threads
#   Decrease Java thread stack sizes (-Xss)
#   Set larger code cache with -XX:ReservedCodeCacheSize=
#   JVM is running with Unscaled Compressed Oops mode in which the Java heap is
#     placed in the first 4GB address space. The Java Heap base address is the
#     maximum limit for the native heap growth. Please use -XX:HeapBaseMinAddress
#     to set the Java Heap base and to place the Java Heap above 4GB virtual address.
# This output file may be truncated or incomplete.
#
#  Out of Memory Error (arena.cpp:184), pid=17572, tid=15708
#
# JRE version: OpenJDK Runtime Environment (20.0.1+9) (build 20.0.1+9-29)
# Java VM: OpenJDK 64-Bit Server VM (20.0.1+9-29, mixed mode, sharing, tiered, compressed oops, compressed class ptrs, g1 gc, windows-amd64)
# No core dump will be written. Minidumps are not enabled by default on client versions of Windows
#

---------------  S U M M A R Y ------------

Command Line: -javaagent:C:\Users\DELL\IntelliJ IDEA Community Edition 2023.2\lib\idea_rt.jar=65193:C:\Users\DELL\IntelliJ IDEA Community Edition 2023.2\bin -Dfile.encoding=UTF-8 -Dsun.stdout.encoding=UTF-8 -Dsun.stderr.encoding=UTF-8 com.projet.ProjetApplication

Host: 11th Gen Intel(R) Core(TM) i5-1135G7 @ 2.40GHz, 8 cores, 7G,  Windows 11 , 64 bit Build 22621 (10.0.22621.2506)
Time: Fri Nov 24 17:41:10 2023 Paris, Madrid elapsed time: 3.650226 seconds (0d 0h 0m 3s)

---------------  T H R E A D  ---------------

Current thread (0x0000021de0633e60):  JavaThread "C2 CompilerThread1" daemon [_thread_in_native, id=15708, stack(0x0000003be6000000,0x0000003be6100000)]


Current CompileTask:
C2:   3650 2257       4       java.lang.invoke.MethodType::makeImpl (109 bytes)

Stack: [0x0000003be6000000,0x0000003be6100000]
Native frames: (J=compiled Java code, j=interpreted, Vv=VM code, C=native code)
V  [jvm.dll+0x6bb95a]
V  [jvm.dll+0x8485fa]
V  [jvm.dll+0x84a1f5]
V  [jvm.dll+0x84a8f3]
V  [jvm.dll+0x280b0f]
V  [jvm.dll+0xc2b11]
V  [jvm.dll+0xc2e35]
V  [jvm.dll+0x3bb17c]
V  [jvm.dll+0x3857f5]
V  [jvm.dll+0x384c6a]
V  [jvm.dll+0x24b259]
V  [jvm.dll+0x24a651]
V  [jvm.dll+0x1ce491]
V  [jvm.dll+0x259e1b]
V  [jvm.dll+0x2584f0]
V  [jvm.dll+0x3f2895]
V  [jvm.dll+0x7f4b56]
V  [jvm.dll+0x6ba5cb]
C  [ucrtbase.dll+0x29363]
C  [KERNEL32.DLL+0x1257d]
C  [ntdll.dll+0x5aa58]


---------------  P R O C E S S  ---------------

Threads class SMR info:
_java_thread_list=0x0000021de5876fa0, length=13, elements={
0x0000021dc3d6ab60, 0x0000021de0619770, 0x0000021de061b610, 0x0000021de0620c60,
0x0000021de061e1e0, 0x0000021de06201c0, 0x0000021de0621700, 0x0000021de062cd80,
0x0000021de0632db0, 0x0000021de06211b0, 0x0000021de061e730, 0x0000021de061f1d0,
0x0000021de0633e60
}

Java Threads: ( => current thread )
  0x0000021dc3d6ab60 JavaThread "main" [_thread_in_Java, id=19152, stack(0x0000003be5000000,0x0000003be5100000)]
  0x0000021de0619770 JavaThread "Reference Handler" daemon [_thread_blocked, id=22876, stack(0x0000003be5700000,0x0000003be5800000)]
  0x0000021de061b610 JavaThread "Finalizer" daemon [_thread_blocked, id=23020, stack(0x0000003be5800000,0x0000003be5900000)]
  0x0000021de0620c60 JavaThread "Signal Dispatcher" daemon [_thread_blocked, id=5688, stack(0x0000003be5900000,0x0000003be5a00000)]
  0x0000021de061e1e0 JavaThread "Attach Listener" daemon [_thread_blocked, id=8696, stack(0x0000003be5a00000,0x0000003be5b00000)]
  0x0000021de06201c0 JavaThread "Service Thread" daemon [_thread_blocked, id=18212, stack(0x0000003be5b00000,0x0000003be5c00000)]
  0x0000021de0621700 JavaThread "Monitor Deflation Thread" daemon [_thread_blocked, id=22460, stack(0x0000003be5c00000,0x0000003be5d00000)]
  0x0000021de062cd80 JavaThread "C2 CompilerThread0" daemon [_thread_in_native, id=7828, stack(0x0000003be5d00000,0x0000003be5e00000)]
  0x0000021de0632db0 JavaThread "C1 CompilerThread0" daemon [_thread_in_native, id=5648, stack(0x0000003be5e00000,0x0000003be5f00000)]
  0x0000021de06211b0 JavaThread "Common-Cleaner" daemon [_thread_blocked, id=14804, stack(0x0000003be5f00000,0x0000003be6000000)]
  0x0000021de061e730 JavaThread "Monitor Ctrl-Break" daemon [_thread_in_native, id=23188, stack(0x0000003be6100000,0x0000003be6200000)]
  0x0000021de061f1d0 JavaThread "Notification Thread" daemon [_thread_blocked, id=18176, stack(0x0000003be6200000,0x0000003be6300000)]
=>0x0000021de0633e60 JavaThread "C2 CompilerThread1" daemon [_thread_in_native, id=15708, stack(0x0000003be6000000,0x0000003be6100000)]

Other Threads:
  0x0000021de05f5f70 VMThread "VM Thread" [stack: 0x0000003be5600000,0x0000003be5700000] [id=8468]
  0x0000021dc3d6b990 WatcherThread "VM Periodic Task Thread" [stack: 0x0000003be6300000,0x0000003be6400000] [id=21936]
  0x0000021dc3dc29f0 WorkerThread "GC Thread#0" [stack: 0x0000003be5100000,0x0000003be5200000] [id=14428]
  0x0000021de53d2d30 WorkerThread "GC Thread#1" [stack: 0x0000003be6400000,0x0000003be6500000] [id=5412]
  0x0000021de53d3000 WorkerThread "GC Thread#2" [stack: 0x0000003be6500000,0x0000003be6600000] [id=14708]
  0x0000021de53d32d0 WorkerThread "GC Thread#3" [stack: 0x0000003be6600000,0x0000003be6700000] [id=11472]
  0x0000021de53d35a0 WorkerThread "GC Thread#4" [stack: 0x0000003be6700000,0x0000003be6800000] [id=756]
  0x0000021de53d3870 WorkerThread "GC Thread#5" [stack: 0x0000003be6800000,0x0000003be6900000] [id=20832]
  0x0000021de53d21f0 WorkerThread "GC Thread#6" [stack: 0x0000003be6900000,0x0000003be6a00000] [id=8592]
  0x0000021de53d2790 WorkerThread "GC Thread#7" [stack: 0x0000003be6a00000,0x0000003be6b00000] [id=15584]
  0x0000021dc3dd3030 ConcurrentGCThread "G1 Main Marker" [stack: 0x0000003be5200000,0x0000003be5300000] [id=10028]
  0x0000021dc3dd4200 WorkerThread "G1 Conc#0" [stack: 0x0000003be5300000,0x0000003be5400000] [id=7736]
  0x0000021de04b60f0 ConcurrentGCThread "G1 Refine#0" [stack: 0x0000003be5400000,0x0000003be5500000] [id=20292]
  0x0000021de04b7ba0 ConcurrentGCThread "G1 Service" [stack: 0x0000003be5500000,0x0000003be5600000] [id=3716]

Threads with active compile tasks:
C2 CompilerThread0     3692 2286       4       jdk.internal.loader.URLClassPath::getResource (74 bytes)
C1 CompilerThread0     3692 2402       3       java.lang.reflect.Executable::getAnnotation (23 bytes)
C2 CompilerThread1     3692 2257       4       java.lang.invoke.MethodType::makeImpl (109 bytes)

VM state: not at safepoint (normal execution)

VM Mutex/Monitor currently owned by a thread: None

Heap address: 0x0000000084400000, size: 1980 MB, Compressed Oops mode: 32-bit

CDS archive(s) mapped at: [0x0000000800000000-0x0000000800c60000-0x0000000800c60000), size 12976128, SharedBaseAddress: 0x0000000800000000, ArchiveRelocationMode: 0.
Compressed class space mapped at: 0x0000000801000000-0x0000000841000000, reserved size: 1073741824
Narrow klass base: 0x0000000800000000, Narrow klass shift: 0, Narrow klass range: 0x100000000

GC Precious Log:
 CardTable entry size: 512
 Card Set container configuration: InlinePtr #cards 5 size 8 Array Of Cards #cards 12 size 40 Howl #buckets 4 coarsen threshold 1843 Howl Bitmap #cards 512 size 80 coarsen threshold 460 Card regions per heap region 1 cards per card region 2048
 CPUs: 8 total, 8 available
 Memory: 7918M
 Large Page Support: Disabled
 NUMA Support: Disabled
 Compressed Oops: Enabled (32-bit)
 Heap Region Size: 1M
 Heap Min Capacity: 8M
 Heap Initial Capacity: 124M
 Heap Max Capacity: 1980M
 Pre-touch: Disabled
 Parallel Workers: 8
 Concurrent Workers: 2
 Concurrent Refinement Workers: 8
 Periodic GC: Disabled

Heap:
 garbage-first heap   total 126976K, used 32128K [0x0000000084400000, 0x0000000100000000)
  region size 1024K, 31 young (31744K), 3 survivors (3072K)
 Metaspace       used 13769K, committed 14208K, reserved 1114112K
  class space    used 1729K, committed 1920K, reserved 1048576K

Heap Regions: E=young(eden), S=young(survivor), O=old, HS=humongous(starts), HC=humongous(continues), CS=collection set, F=free, OA=open archive, CA=closed archive, TAMS=top-at-mark-start, PB=parsable bottom
|   0|0x0000000084400000, 0x0000000084500000, 0x0000000084500000|100%| O|  |TAMS 0x0000000084400000| PB 0x0000000084400000| Untracked 
|   1|0x0000000084500000, 0x0000000084560000, 0x0000000084600000| 37%| O|  |TAMS 0x0000000084500000| PB 0x0000000084500000| Untracked 
|   2|0x0000000084600000, 0x0000000084600000, 0x0000000084700000|  0%| F|  |TAMS 0x0000000084600000| PB 0x0000000084600000| Untracked 
|   3|0x0000000084700000, 0x0000000084700000, 0x0000000084800000|  0%| F|  |TAMS 0x0000000084700000| PB 0x0000000084700000| Untracked 
|   4|0x0000000084800000, 0x0000000084800000, 0x0000000084900000|  0%| F|  |TAMS 0x0000000084800000| PB 0x0000000084800000| Untracked 
|   5|0x0000000084900000, 0x0000000084900000, 0x0000000084a00000|  0%| F|  |TAMS 0x0000000084900000| PB 0x0000000084900000| Untracked 
|   6|0x0000000084a00000, 0x0000000084a00000, 0x0000000084b00000|  0%| F|  |TAMS 0x0000000084a00000| PB 0x0000000084a00000| Untracked 
|   7|0x0000000084b00000, 0x0000000084b00000, 0x0000000084c00000|  0%| F|  |TAMS 0x0000000084b00000| PB 0x0000000084b00000| Untracked 
|   8|0x0000000084c00000, 0x0000000084c00000, 0x0000000084d00000|  0%| F|  |TAMS 0x0000000084c00000| PB 0x0000000084c00000| Untracked 
|   9|0x0000000084d00000, 0x0000000084d00000, 0x0000000084e00000|  0%| F|  |TAMS 0x0000000084d00000| PB 0x0000000084d00000| Untracked 
|  10|0x0000000084e00000, 0x0000000084e00000, 0x0000000084f00000|  0%| F|  |TAMS 0x0000000084e00000| PB 0x0000000084e00000| Untracked 
|  11|0x0000000084f00000, 0x0000000084f00000, 0x0000000085000000|  0%| F|  |TAMS 0x0000000084f00000| PB 0x0000000084f00000| Untracked 
|  12|0x0000000085000000, 0x0000000085000000, 0x0000000085100000|  0%| F|  |TAMS 0x0000000085000000| PB 0x0000000085000000| Untracked 
|  13|0x0000000085100000, 0x0000000085100000, 0x0000000085200000|  0%| F|  |TAMS 0x0000000085100000| PB 0x0000000085100000| Untracked 
|  14|0x0000000085200000, 0x0000000085200000, 0x0000000085300000|  0%| F|  |TAMS 0x0000000085200000| PB 0x0000000085200000| Untracked 
|  15|0x0000000085300000, 0x0000000085300000, 0x0000000085400000|  0%| F|  |TAMS 0x0000000085300000| PB 0x0000000085300000| Untracked 
|  16|0x0000000085400000, 0x0000000085400000, 0x0000000085500000|  0%| F|  |TAMS 0x0000000085400000| PB 0x0000000085400000| Untracked 
|  17|0x0000000085500000, 0x0000000085500000, 0x0000000085600000|  0%| F|  |TAMS 0x0000000085500000| PB 0x0000000085500000| Untracked 
|  18|0x0000000085600000, 0x0000000085600000, 0x0000000085700000|  0%| F|  |TAMS 0x0000000085600000| PB 0x0000000085600000| Untracked 
|  19|0x0000000085700000, 0x0000000085700000, 0x0000000085800000|  0%| F|  |TAMS 0x0000000085700000| PB 0x0000000085700000| Untracked 
|  20|0x0000000085800000, 0x0000000085800000, 0x0000000085900000|  0%| F|  |TAMS 0x0000000085800000| PB 0x0000000085800000| Untracked 
|  21|0x0000000085900000, 0x0000000085900000, 0x0000000085a00000|  0%| F|  |TAMS 0x0000000085900000| PB 0x0000000085900000| Untracked 
|  22|0x0000000085a00000, 0x0000000085a00000, 0x0000000085b00000|  0%| F|  |TAMS 0x0000000085a00000| PB 0x0000000085a00000| Untracked 
|  23|0x0000000085b00000, 0x0000000085b00000, 0x0000000085c00000|  0%| F|  |TAMS 0x0000000085b00000| PB 0x0000000085b00000| Untracked 
|  24|0x0000000085c00000, 0x0000000085c00000, 0x0000000085d00000|  0%| F|  |TAMS 0x0000000085c00000| PB 0x0000000085c00000| Untracked 
|  25|0x0000000085d00000, 0x0000000085d00000, 0x0000000085e00000|  0%| F|  |TAMS 0x0000000085d00000| PB 0x0000000085d00000| Untracked 
|  26|0x0000000085e00000, 0x0000000085e00000, 0x0000000085f00000|  0%| F|  |TAMS 0x0000000085e00000| PB 0x0000000085e00000| Untracked 
|  27|0x0000000085f00000, 0x0000000085f00000, 0x0000000086000000|  0%| F|  |TAMS 0x0000000085f00000| PB 0x0000000085f00000| Untracked 
|  28|0x0000000086000000, 0x0000000086000000, 0x0000000086100000|  0%| F|  |TAMS 0x0000000086000000| PB 0x0000000086000000| Untracked 
|  29|0x0000000086100000, 0x0000000086100000, 0x0000000086200000|  0%| F|  |TAMS 0x0000000086100000| PB 0x0000000086100000| Untracked 
|  30|0x0000000086200000, 0x0000000086200000, 0x0000000086300000|  0%| F|  |TAMS 0x0000000086200000| PB 0x0000000086200000| Untracked 
|  31|0x0000000086300000, 0x0000000086300000, 0x0000000086400000|  0%| F|  |TAMS 0x0000000086300000| PB 0x0000000086300000| Untracked 
|  32|0x0000000086400000, 0x0000000086400000, 0x0000000086500000|  0%| F|  |TAMS 0x0000000086400000| PB 0x0000000086400000| Untracked 
|  33|0x0000000086500000, 0x0000000086500000, 0x0000000086600000|  0%| F|  |TAMS 0x0000000086500000| PB 0x0000000086500000| Untracked 
|  34|0x0000000086600000, 0x0000000086600000, 0x0000000086700000|  0%| F|  |TAMS 0x0000000086600000| PB 0x0000000086600000| Untracked 
|  35|0x0000000086700000, 0x0000000086700000, 0x0000000086800000|  0%| F|  |TAMS 0x0000000086700000| PB 0x0000000086700000| Untracked 
|  36|0x0000000086800000, 0x0000000086800000, 0x0000000086900000|  0%| F|  |TAMS 0x0000000086800000| PB 0x0000000086800000| Untracked 
|  37|0x0000000086900000, 0x0000000086900000, 0x0000000086a00000|  0%| F|  |TAMS 0x0000000086900000| PB 0x0000000086900000| Untracked 
|  38|0x0000000086a00000, 0x0000000086a00000, 0x0000000086b00000|  0%| F|  |TAMS 0x0000000086a00000| PB 0x0000000086a00000| Untracked 
|  39|0x0000000086b00000, 0x0000000086b00000, 0x0000000086c00000|  0%| F|  |TAMS 0x0000000086b00000| PB 0x0000000086b00000| Untracked 
|  40|0x0000000086c00000, 0x0000000086c00000, 0x0000000086d00000|  0%| F|  |TAMS 0x0000000086c00000| PB 0x0000000086c00000| Untracked 
|  41|0x0000000086d00000, 0x0000000086d00000, 0x0000000086e00000|  0%| F|  |TAMS 0x0000000086d00000| PB 0x0000000086d00000| Untracked 
|  42|0x0000000086e00000, 0x0000000086e00000, 0x0000000086f00000|  0%| F|  |TAMS 0x0000000086e00000| PB 0x0000000086e00000| Untracked 
|  43|0x0000000086f00000, 0x0000000086f00000, 0x0000000087000000|  0%| F|  |TAMS 0x0000000086f00000| PB 0x0000000086f00000| Untracked 
|  44|0x0000000087000000, 0x0000000087000000, 0x0000000087100000|  0%| F|  |TAMS 0x0000000087000000| PB 0x0000000087000000| Untracked 
|  45|0x0000000087100000, 0x0000000087100000, 0x0000000087200000|  0%| F|  |TAMS 0x0000000087100000| PB 0x0000000087100000| Untracked 
|  46|0x0000000087200000, 0x0000000087200000, 0x0000000087300000|  0%| F|  |TAMS 0x0000000087200000| PB 0x0000000087200000| Untracked 
|  47|0x0000000087300000, 0x0000000087300000, 0x0000000087400000|  0%| F|  |TAMS 0x0000000087300000| PB 0x0000000087300000| Untracked 
|  48|0x0000000087400000, 0x0000000087400000, 0x0000000087500000|  0%| F|  |TAMS 0x0000000087400000| PB 0x0000000087400000| Untracked 
|  49|0x0000000087500000, 0x0000000087500000, 0x0000000087600000|  0%| F|  |TAMS 0x0000000087500000| PB 0x0000000087500000| Untracked 
|  50|0x0000000087600000, 0x0000000087600000, 0x0000000087700000|  0%| F|  |TAMS 0x0000000087600000| PB 0x0000000087600000| Untracked 
|  51|0x0000000087700000, 0x0000000087700000, 0x0000000087800000|  0%| F|  |TAMS 0x0000000087700000| PB 0x0000000087700000| Untracked 
|  52|0x0000000087800000, 0x0000000087800000, 0x0000000087900000|  0%| F|  |TAMS 0x0000000087800000| PB 0x0000000087800000| Untracked 
|  53|0x0000000087900000, 0x0000000087900000, 0x0000000087a00000|  0%| F|  |TAMS 0x0000000087900000| PB 0x0000000087900000| Untracked 
|  54|0x0000000087a00000, 0x0000000087a00000, 0x0000000087b00000|  0%| F|  |TAMS 0x0000000087a00000| PB 0x0000000087a00000| Untracked 
|  55|0x0000000087b00000, 0x0000000087b00000, 0x0000000087c00000|  0%| F|  |TAMS 0x0000000087b00000| PB 0x0000000087b00000| Untracked 
|  56|0x0000000087c00000, 0x0000000087c00000, 0x0000000087d00000|  0%| F|  |TAMS 0x0000000087c00000| PB 0x0000000087c00000| Untracked 
|  57|0x0000000087d00000, 0x0000000087d00000, 0x0000000087e00000|  0%| F|  |TAMS 0x0000000087d00000| PB 0x0000000087d00000| Untracked 
|  58|0x0000000087e00000, 0x0000000087e00000, 0x0000000087f00000|  0%| F|  |TAMS 0x0000000087e00000| PB 0x0000000087e00000| Untracked 
|  59|0x0000000087f00000, 0x0000000087f00000, 0x0000000088000000|  0%| F|  |TAMS 0x0000000087f00000| PB 0x0000000087f00000| Untracked 
|  60|0x0000000088000000, 0x0000000088000000, 0x0000000088100000|  0%| F|  |TAMS 0x0000000088000000| PB 0x0000000088000000| Untracked 
|  61|0x0000000088100000, 0x0000000088100000, 0x0000000088200000|  0%| F|  |TAMS 0x0000000088100000| PB 0x0000000088100000| Untracked 
|  62|0x0000000088200000, 0x0000000088200000, 0x0000000088300000|  0%| F|  |TAMS 0x0000000088200000| PB 0x0000000088200000| Untracked 
|  63|0x0000000088300000, 0x0000000088300000, 0x0000000088400000|  0%| F|  |TAMS 0x0000000088300000| PB 0x0000000088300000| Untracked 
|  64|0x0000000088400000, 0x0000000088400000, 0x0000000088500000|  0%| F|  |TAMS 0x0000000088400000| PB 0x0000000088400000| Untracked 
|  65|0x0000000088500000, 0x0000000088500000, 0x0000000088600000|  0%| F|  |TAMS 0x0000000088500000| PB 0x0000000088500000| Untracked 
|  66|0x0000000088600000, 0x0000000088600000, 0x0000000088700000|  0%| F|  |TAMS 0x0000000088600000| PB 0x0000000088600000| Untracked 
|  67|0x0000000088700000, 0x0000000088700000, 0x0000000088800000|  0%| F|  |TAMS 0x0000000088700000| PB 0x0000000088700000| Untracked 
|  68|0x0000000088800000, 0x0000000088800000, 0x0000000088900000|  0%| F|  |TAMS 0x0000000088800000| PB 0x0000000088800000| Untracked 
|  69|0x0000000088900000, 0x0000000088900000, 0x0000000088a00000|  0%| F|  |TAMS 0x0000000088900000| PB 0x0000000088900000| Untracked 
|  70|0x0000000088a00000, 0x0000000088a00000, 0x0000000088b00000|  0%| F|  |TAMS 0x0000000088a00000| PB 0x0000000088a00000| Untracked 
|  71|0x0000000088b00000, 0x0000000088b00000, 0x0000000088c00000|  0%| F|  |TAMS 0x0000000088b00000| PB 0x0000000088b00000| Untracked 
|  72|0x0000000088c00000, 0x0000000088c00000, 0x0000000088d00000|  0%| F|  |TAMS 0x0000000088c00000| PB 0x0000000088c00000| Untracked 
|  73|0x0000000088d00000, 0x0000000088d00000, 0x0000000088e00000|  0%| F|  |TAMS 0x0000000088d00000| PB 0x0000000088d00000| Untracked 
|  74|0x0000000088e00000, 0x0000000088e00000, 0x0000000088f00000|  0%| F|  |TAMS 0x0000000088e00000| PB 0x0000000088e00000| Untracked 
|  75|0x0000000088f00000, 0x0000000088f00000, 0x0000000089000000|  0%| F|  |TAMS 0x0000000088f00000| PB 0x0000000088f00000| Untracked 
|  76|0x0000000089000000, 0x0000000089000000, 0x0000000089100000|  0%| F|  |TAMS 0x0000000089000000| PB 0x0000000089000000| Untracked 
|  77|0x0000000089100000, 0x0000000089100000, 0x0000000089200000|  0%| F|  |TAMS 0x0000000089100000| PB 0x0000000089100000| Untracked 
|  78|0x0000000089200000, 0x0000000089200000, 0x0000000089300000|  0%| F|  |TAMS 0x0000000089200000| PB 0x0000000089200000| Untracked 
|  79|0x0000000089300000, 0x0000000089300000, 0x0000000089400000|  0%| F|  |TAMS 0x0000000089300000| PB 0x0000000089300000| Untracked 
|  80|0x0000000089400000, 0x0000000089400000, 0x0000000089500000|  0%| F|  |TAMS 0x0000000089400000| PB 0x0000000089400000| Untracked 
|  81|0x0000000089500000, 0x0000000089500000, 0x0000000089600000|  0%| F|  |TAMS 0x0000000089500000| PB 0x0000000089500000| Untracked 
|  82|0x0000000089600000, 0x0000000089600000, 0x0000000089700000|  0%| F|  |TAMS 0x0000000089600000| PB 0x0000000089600000| Untracked 
|  83|0x0000000089700000, 0x0000000089700000, 0x0000000089800000|  0%| F|  |TAMS 0x0000000089700000| PB 0x0000000089700000| Untracked 
|  84|0x0000000089800000, 0x0000000089800000, 0x0000000089900000|  0%| F|  |TAMS 0x0000000089800000| PB 0x0000000089800000| Untracked 
|  85|0x0000000089900000, 0x0000000089900000, 0x0000000089a00000|  0%| F|  |TAMS 0x0000000089900000| PB 0x0000000089900000| Untracked 
|  86|0x0000000089a00000, 0x0000000089a00000, 0x0000000089b00000|  0%| F|  |TAMS 0x0000000089a00000| PB 0x0000000089a00000| Untracked 
|  87|0x0000000089b00000, 0x0000000089b00000, 0x0000000089c00000|  0%| F|  |TAMS 0x0000000089b00000| PB 0x0000000089b00000| Untracked 
|  88|0x0000000089c00000, 0x0000000089c00000, 0x0000000089d00000|  0%| F|  |TAMS 0x0000000089c00000| PB 0x0000000089c00000| Untracked 
|  89|0x0000000089d00000, 0x0000000089d00000, 0x0000000089e00000|  0%| F|  |TAMS 0x0000000089d00000| PB 0x0000000089d00000| Untracked 
|  90|0x0000000089e00000, 0x0000000089e00000, 0x0000000089f00000|  0%| F|  |TAMS 0x0000000089e00000| PB 0x0000000089e00000| Untracked 
|  91|0x0000000089f00000, 0x0000000089f00000, 0x000000008a000000|  0%| F|  |TAMS 0x0000000089f00000| PB 0x0000000089f00000| Untracked 
|  92|0x000000008a000000, 0x000000008a000000, 0x000000008a100000|  0%| F|  |TAMS 0x000000008a000000| PB 0x000000008a000000| Untracked 
|  93|0x000000008a100000, 0x000000008a1c11e0, 0x000000008a200000| 75%| E|  |TAMS 0x000000008a100000| PB 0x000000008a100000| Complete 
|  94|0x000000008a200000, 0x000000008a300000, 0x000000008a300000|100%| E|CS|TAMS 0x000000008a200000| PB 0x000000008a200000| Complete 
|  95|0x000000008a300000, 0x000000008a400000, 0x000000008a400000|100%| E|CS|TAMS 0x000000008a300000| PB 0x000000008a300000| Complete 
|  96|0x000000008a400000, 0x000000008a500000, 0x000000008a500000|100%| E|CS|TAMS 0x000000008a400000| PB 0x000000008a400000| Complete 
|  97|0x000000008a500000, 0x000000008a600000, 0x000000008a600000|100%| E|CS|TAMS 0x000000008a500000| PB 0x000000008a500000| Complete 
|  98|0x000000008a600000, 0x000000008a700000, 0x000000008a700000|100%| S|CS|TAMS 0x000000008a600000| PB 0x000000008a600000| Complete 
|  99|0x000000008a700000, 0x000000008a800000, 0x000000008a800000|100%| S|CS|TAMS 0x000000008a700000| PB 0x000000008a700000| Complete 
| 100|0x000000008a800000, 0x000000008a900000, 0x000000008a900000|100%| S|CS|TAMS 0x000000008a800000| PB 0x000000008a800000| Complete 
| 101|0x000000008a900000, 0x000000008aa00000, 0x000000008aa00000|100%| E|CS|TAMS 0x000000008a900000| PB 0x000000008a900000| Complete 
| 102|0x000000008aa00000, 0x000000008ab00000, 0x000000008ab00000|100%| E|CS|TAMS 0x000000008aa00000| PB 0x000000008aa00000| Complete 
| 103|0x000000008ab00000, 0x000000008ac00000, 0x000000008ac00000|100%| E|CS|TAMS 0x000000008ab00000| PB 0x000000008ab00000| Complete 
| 104|0x000000008ac00000, 0x000000008ad00000, 0x000000008ad00000|100%| E|CS|TAMS 0x000000008ac00000| PB 0x000000008ac00000| Complete 
| 105|0x000000008ad00000, 0x000000008ae00000, 0x000000008ae00000|100%| E|CS|TAMS 0x000000008ad00000| PB 0x000000008ad00000| Complete 
| 106|0x000000008ae00000, 0x000000008af00000, 0x000000008af00000|100%| E|CS|TAMS 0x000000008ae00000| PB 0x000000008ae00000| Complete 
| 107|0x000000008af00000, 0x000000008b000000, 0x000000008b000000|100%| E|CS|TAMS 0x000000008af00000| PB 0x000000008af00000| Complete 
| 108|0x000000008b000000, 0x000000008b100000, 0x000000008b100000|100%| E|CS|TAMS 0x000000008b000000| PB 0x000000008b000000| Complete 
| 109|0x000000008b100000, 0x000000008b200000, 0x000000008b200000|100%| E|CS|TAMS 0x000000008b100000| PB 0x000000008b100000| Complete 
| 110|0x000000008b200000, 0x000000008b300000, 0x000000008b300000|100%| E|CS|TAMS 0x000000008b200000| PB 0x000000008b200000| Complete 
| 111|0x000000008b300000, 0x000000008b400000, 0x000000008b400000|100%| E|CS|TAMS 0x000000008b300000| PB 0x000000008b300000| Complete 
| 112|0x000000008b400000, 0x000000008b500000, 0x000000008b500000|100%| E|CS|TAMS 0x000000008b400000| PB 0x000000008b400000| Complete 
| 113|0x000000008b500000, 0x000000008b600000, 0x000000008b600000|100%| E|CS|TAMS 0x000000008b500000| PB 0x000000008b500000| Complete 
| 114|0x000000008b600000, 0x000000008b700000, 0x000000008b700000|100%| E|CS|TAMS 0x000000008b600000| PB 0x000000008b600000| Complete 
| 115|0x000000008b700000, 0x000000008b800000, 0x000000008b800000|100%| E|CS|TAMS 0x000000008b700000| PB 0x000000008b700000| Complete 
| 116|0x000000008b800000, 0x000000008b900000, 0x000000008b900000|100%| E|CS|TAMS 0x000000008b800000| PB 0x000000008b800000| Complete 
| 117|0x000000008b900000, 0x000000008ba00000, 0x000000008ba00000|100%| E|CS|TAMS 0x000000008b900000| PB 0x000000008b900000| Complete 
| 118|0x000000008ba00000, 0x000000008bb00000, 0x000000008bb00000|100%| E|CS|TAMS 0x000000008ba00000| PB 0x000000008ba00000| Complete 
| 119|0x000000008bb00000, 0x000000008bc00000, 0x000000008bc00000|100%| E|CS|TAMS 0x000000008bb00000| PB 0x000000008bb00000| Complete 
| 120|0x000000008bc00000, 0x000000008bd00000, 0x000000008bd00000|100%| E|CS|TAMS 0x000000008bc00000| PB 0x000000008bc00000| Complete 
| 121|0x000000008bd00000, 0x000000008be00000, 0x000000008be00000|100%| E|CS|TAMS 0x000000008bd00000| PB 0x000000008bd00000| Complete 
| 122|0x000000008be00000, 0x000000008bf00000, 0x000000008bf00000|100%| E|CS|TAMS 0x000000008be00000| PB 0x000000008be00000| Complete 
| 123|0x000000008bf00000, 0x000000008c000000, 0x000000008c000000|100%| E|CS|TAMS 0x000000008bf00000| PB 0x000000008bf00000| Complete 

Card table byte_map: [0x0000021ddb530000,0x0000021ddb910000] _byte_map_base: 0x0000021ddb10e000

Marking Bits: (CMBitMap*) 0x0000021dc3dc2e30
 Bits: [0x0000021ddbcf0000, 0x0000021dddbe0000)

Polling page: 0x0000021dc1ec0000

Metaspace:

Usage:
  Non-class:     11.77 MB used.
      Class:      1.69 MB used.
       Both:     13.46 MB used.

Virtual space:
  Non-class space:       64.00 MB reserved,      12.00 MB ( 19%) committed,  1 nodes.
      Class space:        1.00 GB reserved,       1.88 MB ( <1%) committed,  1 nodes.
             Both:        1.06 GB reserved,      13.88 MB (  1%) committed. 

Chunk freelists:
   Non-Class:  3.67 MB
       Class:  2.07 MB
        Both:  5.74 MB

MaxMetaspaceSize: unlimited
CompressedClassSpaceSize: 1.00 GB
Initial GC threshold: 21.00 MB
Current GC threshold: 21.00 MB
CDS: on
MetaspaceReclaimPolicy: balanced
 - commit_granule_bytes: 65536.
 - commit_granule_words: 8192.
 - virtual_space_node_default_size: 8388608.
 - enlarge_chunks_in_place: 1.
 - new_chunks_are_fully_committed: 0.
 - uncommit_free_chunks: 1.
 - use_allocation_guard: 0.


Internal statistics:

num_allocs_failed_limit: 0.
num_arena_births: 468.
num_arena_deaths: 0.
num_vsnodes_births: 2.
num_vsnodes_deaths: 0.
num_space_committed: 222.
num_space_uncommitted: 0.
num_chunks_returned_to_freelist: 0.
num_chunks_taken_from_freelist: 987.
num_chunk_merges: 0.
num_chunk_splits: 616.
num_chunks_enlarged: 366.
num_inconsistent_stats: 0.

CodeHeap 'non-profiled nmethods': size=120000Kb used=868Kb max_used=868Kb free=119131Kb
 bounds [0x0000021dd38e0000, 0x0000021dd3b50000, 0x0000021ddae10000]
CodeHeap 'profiled nmethods': size=120000Kb used=4460Kb max_used=4460Kb free=115539Kb
 bounds [0x0000021dcbe10000, 0x0000021dcc270000, 0x0000021dd3340000]
CodeHeap 'non-nmethods': size=5760Kb used=1581Kb max_used=1598Kb free=4178Kb
 bounds [0x0000021dd3340000, 0x0000021dd35b0000, 0x0000021dd38e0000]
 total_blobs=2904 nmethods=2407 adapters=407
 compilation: enabled
              stopped_count=0, restarted_count=0
 full_count=0

Compilation events (20 events):
Event: 3.618 Thread 0x0000021de0632db0 2323       3       org.springframework.core.convert.converter.GenericConverter$ConvertiblePair::<init> (27 bytes)
Event: 3.619 Thread 0x0000021de0632db0 nmethod 2323 0x0000021dcc24cf10 code [0x0000021dcc24d0e0, 0x0000021dcc24d5c8]
Event: 3.619 Thread 0x0000021de0632db0 2321       3       org.springframework.core.ResolvableType::resolve (16 bytes)
Event: 3.619 Thread 0x0000021de0632db0 nmethod 2321 0x0000021dcc24d790 code [0x0000021dcc24d920, 0x0000021dcc24daa8]
Event: 3.619 Thread 0x0000021de0632db0 2318       3       java.util.TreeMap::addEntry (59 bytes)
Event: 3.620 Thread 0x0000021de0632db0 nmethod 2318 0x0000021dcc24db10 code [0x0000021dcc24dce0, 0x0000021dcc24e198]
Event: 3.620 Thread 0x0000021de0632db0 2328       3       java.util.ImmutableCollections$ListItr::hasNext (17 bytes)
Event: 3.620 Thread 0x0000021de0632db0 nmethod 2328 0x0000021dcc24e390 code [0x0000021dcc24e520, 0x0000021dcc24e690]
Event: 3.621 Thread 0x0000021de0632db0 2330       3       java.lang.invoke.LambdaForm$Name::<init> (19 bytes)
Event: 3.622 Thread 0x0000021de0632db0 nmethod 2330 0x0000021dcc24e710 code [0x0000021dcc24e920, 0x0000021dcc24f198]
Event: 3.624 Thread 0x0000021de0632db0 2334       3       jdk.internal.org.objectweb.asm.Type::getType (10 bytes)
Event: 3.624 Thread 0x0000021de0632db0 nmethod 2334 0x0000021dcc24f510 code [0x0000021dcc24f6c0, 0x0000021dcc24f8e8]
Event: 3.624 Thread 0x0000021de0632db0 2335       3       java.lang.invoke.InvokerBytecodeGenerator::<init> (80 bytes)
Event: 3.625 Thread 0x0000021de0632db0 nmethod 2335 0x0000021dcc24fa10 code [0x0000021dcc24fbe0, 0x0000021dcc24ff88]
Event: 3.625 Thread 0x0000021de0632db0 2336       3       jdk.internal.org.objectweb.asm.AnnotationWriter::putAnnotations (110 bytes)
Event: 3.626 Thread 0x0000021de0632db0 nmethod 2336 0x0000021dcc250210 code [0x0000021dcc250400, 0x0000021dcc250810]
Event: 3.627 Thread 0x0000021de0632db0 2337       3       java.lang.invoke.InvokerBytecodeGenerator::assertStaticType (58 bytes)
Event: 3.628 Thread 0x0000021de0632db0 nmethod 2337 0x0000021dcc250a90 code [0x0000021dcc250c60, 0x0000021dcc251158]
Event: 3.628 Thread 0x0000021de0632db0 2338       3       java.lang.invoke.LambdaFormBuffer::growNames (281 bytes)
Event: 3.630 Thread 0x0000021de0632db0 nmethod 2338 0x0000021dcc251390 code [0x0000021dcc251620, 0x0000021dcc2526d8]

GC Heap History (2 events):
Event: 2.016 GC heap before
{Heap before GC invocations=0 (full 0):
 garbage-first heap   total 126976K, used 23552K [0x0000000084400000, 0x0000000100000000)
  region size 1024K, 23 young (23552K), 0 survivors (0K)
 Metaspace       used 7360K, committed 7616K, reserved 1114112K
  class space    used 864K, committed 960K, reserved 1048576K
}
Event: 2.023 GC heap after
{Heap after GC invocations=1 (full 0):
 garbage-first heap   total 126976K, used 4480K [0x0000000084400000, 0x0000000100000000)
  region size 1024K, 3 young (3072K), 3 survivors (3072K)
 Metaspace       used 7360K, committed 7616K, reserved 1114112K
  class space    used 864K, committed 960K, reserved 1048576K
}

Dll operation events (10 events):
Event: 0.024 Loaded shared library C:\Users\DELL\.jdks\openjdk-20.0.1\bin\java.dll
Event: 0.323 Loaded shared library C:\Users\DELL\.jdks\openjdk-20.0.1\bin\jsvml.dll
Event: 0.536 Loaded shared library C:\Users\DELL\.jdks\openjdk-20.0.1\bin\zip.dll
Event: 0.538 Loaded shared library C:\Users\DELL\.jdks\openjdk-20.0.1\bin\instrument.dll
Event: 0.558 Loaded shared library C:\Users\DELL\.jdks\openjdk-20.0.1\bin\net.dll
Event: 0.561 Loaded shared library C:\Users\DELL\.jdks\openjdk-20.0.1\bin\nio.dll
Event: 0.566 Loaded shared library C:\Users\DELL\.jdks\openjdk-20.0.1\bin\zip.dll
Event: 0.624 Loaded shared library C:\Users\DELL\IntelliJ IDEA Community Edition 2023.2\bin\breakgen64.dll
Event: 0.673 Loaded shared library C:\Users\DELL\.jdks\openjdk-20.0.1\bin\extnet.dll
Event: 0.738 Loaded shared library C:\Users\DELL\.jdks\openjdk-20.0.1\bin\jimage.dll

Deoptimization events (20 events):
Event: 3.072 Thread 0x0000021dc3d6ab60 DEOPT PACKING pc=0x0000021dcc120b57 sp=0x0000003be50fcf30
Event: 3.072 Thread 0x0000021dc3d6ab60 DEOPT UNPACKING pc=0x0000021dd33ae462 sp=0x0000003be50fc408 mode 0
Event: 3.085 Thread 0x0000021dc3d6ab60 Uncommon trap: trap_request=0xffffff45 fr.pc=0x0000021dd3947e14 relative=0x00000000000009b4
Event: 3.085 Thread 0x0000021dc3d6ab60 Uncommon trap: reason=unstable_if action=reinterpret pc=0x0000021dd3947e14 method=jdk.internal.org.objectweb.asm.SymbolTable.put(Ljdk/internal/org/objectweb/asm/SymbolTable$Entry;)Ljdk/internal/org/objectweb/asm/SymbolTable$Entry; @ 13 c2
Event: 3.085 Thread 0x0000021dc3d6ab60 DEOPT PACKING pc=0x0000021dd3947e14 sp=0x0000003be50fce90
Event: 3.085 Thread 0x0000021dc3d6ab60 DEOPT UNPACKING pc=0x0000021dd335d2a2 sp=0x0000003be50fcdc8 mode 2
Event: 3.197 Thread 0x0000021dc3d6ab60 DEOPT PACKING pc=0x0000021dcc120b57 sp=0x0000003be50fd850
Event: 3.197 Thread 0x0000021dc3d6ab60 DEOPT UNPACKING pc=0x0000021dd33ae462 sp=0x0000003be50fcd28 mode 0
Event: 3.242 Thread 0x0000021dc3d6ab60 Uncommon trap: trap_request=0xffffff45 fr.pc=0x0000021dd3967a04 relative=0x00000000000019e4
Event: 3.242 Thread 0x0000021dc3d6ab60 Uncommon trap: reason=unstable_if action=reinterpret pc=0x0000021dd3967a04 method=jdk.internal.org.objectweb.asm.Frame.execute(IILjdk/internal/org/objectweb/asm/Symbol;Ljdk/internal/org/objectweb/asm/SymbolTable;)V @ 1 c2
Event: 3.242 Thread 0x0000021dc3d6ab60 DEOPT PACKING pc=0x0000021dd3967a04 sp=0x0000003be50fcd90
Event: 3.242 Thread 0x0000021dc3d6ab60 DEOPT UNPACKING pc=0x0000021dd335d2a2 sp=0x0000003be50fcd20 mode 2
Event: 3.248 Thread 0x0000021dc3d6ab60 Uncommon trap: trap_request=0xffffff45 fr.pc=0x0000021dd399ac30 relative=0x0000000000000230
Event: 3.248 Thread 0x0000021dc3d6ab60 Uncommon trap: reason=unstable_if action=reinterpret pc=0x0000021dd399ac30 method=jdk.internal.org.objectweb.asm.Frame.push(I)V @ 26 c2
Event: 3.248 Thread 0x0000021dc3d6ab60 DEOPT PACKING pc=0x0000021dd399ac30 sp=0x0000003be50fcbe0
Event: 3.248 Thread 0x0000021dc3d6ab60 DEOPT UNPACKING pc=0x0000021dd335d2a2 sp=0x0000003be50fcb98 mode 2
Event: 3.281 Thread 0x0000021dc3d6ab60 Uncommon trap: trap_request=0xffffff45 fr.pc=0x0000021dd392cbf4 relative=0x00000000000000f4
Event: 3.281 Thread 0x0000021dc3d6ab60 Uncommon trap: reason=unstable_if action=reinterpret pc=0x0000021dd392cbf4 method=jdk.internal.org.objectweb.asm.ByteVector.putShort(I)Ljdk/internal/org/objectweb/asm/ByteVector; @ 13 c2
Event: 3.281 Thread 0x0000021dc3d6ab60 DEOPT PACKING pc=0x0000021dd392cbf4 sp=0x0000003be50fc0f0
Event: 3.281 Thread 0x0000021dc3d6ab60 DEOPT UNPACKING pc=0x0000021dd335d2a2 sp=0x0000003be50fc078 mode 2

Classes loaded (20 events):
Event: 3.303 Loading class java/util/LinkedList$Node
Event: 3.303 Loading class java/util/LinkedList$Node done
Event: 3.303 Loading class java/util/DualPivotQuicksort
Event: 3.321 Loading class java/util/DualPivotQuicksort done
Event: 3.322 Loading class java/util/LinkedList$ListItr
Event: 3.322 Loading class java/util/LinkedList$ListItr done
Event: 3.339 Loading class java/lang/invoke/DirectMethodHandle$StaticAccessor
Event: 3.339 Loading class java/lang/invoke/DirectMethodHandle$StaticAccessor done
Event: 3.351 Loading class java/net/SocketException
Event: 3.351 Loading class java/net/SocketException done
Event: 3.476 Loading class javax/naming/InitialContext
Event: 3.476 Loading class javax/naming/InitialContext done
Event: 3.482 Loading class javax/naming/NamingException
Event: 3.482 Loading class javax/naming/NamingException done
Event: 3.482 Loading class javax/naming/NameNotFoundException
Event: 3.482 Loading class javax/naming/NameNotFoundException done
Event: 3.618 Loading class sun/invoke/util/ValueConversions$1
Event: 3.618 Loading class sun/invoke/util/ValueConversions$1 done
Event: 3.619 Loading class java/lang/invoke/BoundMethodHandle$Species_LI
Event: 3.619 Loading class java/lang/invoke/BoundMethodHandle$Species_LI done

Classes unloaded (0 events):
No events

Classes redefined (0 events):
No events

Internal exceptions (20 events):
Event: 3.251 Thread 0x0000021dc3d6ab60 Exception <a 'java/lang/NoSuchMethodError'{0x000000008a501d18}: 'int java.lang.invoke.DirectMethodHandle$Holder.invokeVirtual(java.lang.Object, java.lang.Object)'> (0x000000008a501d18) 
thrown [s\open\src\hotspot\share\interpreter\linkResolver.cpp, line 773]
Event: 3.251 Thread 0x0000021dc3d6ab60 Exception <a 'java/lang/NoSuchMethodError'{0x000000008a505c30}: 'int java.lang.invoke.DirectMethodHandle$Holder.invokeStaticInit(java.lang.Object, int, int)'> (0x000000008a505c30) 
thrown [s\open\src\hotspot\share\interpreter\linkResolver.cpp, line 773]
Event: 3.252 Thread 0x0000021dc3d6ab60 Exception <a 'java/lang/NoSuchMethodError'{0x000000008a50cef8}: 'int java.lang.invoke.DirectMethodHandle$Holder.invokeStaticInit(java.lang.Object, long, long)'> (0x000000008a50cef8) 
thrown [s\open\src\hotspot\share\interpreter\linkResolver.cpp, line 773]
Event: 3.252 Thread 0x0000021dc3d6ab60 Exception <a 'java/lang/NoSuchMethodError'{0x000000008a513810}: 'int java.lang.invoke.DirectMethodHandle$Holder.invokeStaticInit(java.lang.Object, float, float)'> (0x000000008a513810) 
thrown [s\open\src\hotspot\share\interpreter\linkResolver.cpp, line 773]
Event: 3.252 Thread 0x0000021dc3d6ab60 Exception <a 'java/lang/NoSuchMethodError'{0x000000008a51a120}: 'int java.lang.invoke.DirectMethodHandle$Holder.invokeStaticInit(java.lang.Object, double, double)'> (0x000000008a51a120) 
thrown [s\open\src\hotspot\share\interpreter\linkResolver.cpp, line 773]
Event: 3.253 Thread 0x0000021dc3d6ab60 Exception <a 'java/lang/NoSuchMethodError'{0x000000008a51e488}: 'int java.lang.invoke.DirectMethodHandle$Holder.invokeStatic(java.lang.Object, long)'> (0x000000008a51e488) 
thrown [s\open\src\hotspot\share\interpreter\linkResolver.cpp, line 773]
Event: 3.255 Thread 0x0000021dc3d6ab60 Exception <a 'java/lang/NoSuchMethodError'{0x000000008a5406c8}: 'int java.lang.invoke.DirectMethodHandle$Holder.invokeSpecial(java.lang.Object, java.lang.Object, int)'> (0x000000008a5406c8) 
thrown [s\open\src\hotspot\share\interpreter\linkResolver.cpp, line 773]
Event: 3.256 Thread 0x0000021dc3d6ab60 Exception <a 'java/lang/NoSuchMethodError'{0x000000008a547b18}: 'int java.lang.invoke.Invokers$Holder.linkToTargetMethod(java.lang.Object, java.lang.Object)'> (0x000000008a547b18) 
thrown [s\open\src\hotspot\share\interpreter\linkResolver.cpp, line 773]
Event: 3.272 Thread 0x0000021dc3d6ab60 Exception <a 'java/lang/NoSuchMethodError'{0x000000008a5f61b8}: 'java.lang.Object java.lang.invoke.Invokers$Holder.invoke_MT(java.lang.Object, java.lang.Object, java.lang.Object, java.lang.Object, java.lang.Object, java.lang.Object, java.lang.Object, java.lang.Object, java.lang.Object, java.lang.Object)'> (0x000000008a5f61b8) 
thrown [s\open\src\hotspot\share\interpreter\linkResolver.cpp, line 773]
Event: 3.278 Thread 0x0000021dc3d6ab60 Exception <a 'java/lang/NoSuchMethodError'{0x000000008a430148}: 'java.lang.Object java.lang.invoke.DirectMethodHandle$Holder.invokeSpecial(java.lang.Object, java.lang.Object, int, java.lang.Object, java.lang.Object)'> (0x000000008a430148) 
thrown [s\open\src\hotspot\share\interpreter\linkResolver.cpp, line 773]
Event: 3.278 Thread 0x0000021dc3d6ab60 Exception <a 'java/lang/NoSuchMethodError'{0x000000008a433b78}: 'java.lang.Object java.lang.invoke.DelegatingMethodHandle$Holder.delegate(java.lang.Object, int, java.lang.Object, java.lang.Object)'> (0x000000008a433b78) 
thrown [s\open\src\hotspot\share\interpreter\linkResolver.cpp, line 773]
Event: 3.282 Thread 0x0000021dc3d6ab60 Exception <a 'java/lang/NoSuchMethodError'{0x000000008a442ea0}: 'int java.lang.invoke.Invokers$Holder.linkToTargetMethod(java.lang.Object, java.lang.Object, java.lang.Object)'> (0x000000008a442ea0) 
thrown [s\open\src\hotspot\share\interpreter\linkResolver.cpp, line 773]
Event: 3.339 Thread 0x0000021dc3d6ab60 Exception <a 'java/lang/NoSuchMethodError'{0x000000008a4dea08}: 'void java.lang.invoke.Invokers$Holder.invokeExact_MT(java.lang.Object, java.lang.Object, java.lang.Object)'> (0x000000008a4dea08) 
thrown [s\open\src\hotspot\share\interpreter\linkResolver.cpp, line 773]
Event: 3.371 Thread 0x0000021dc3d6ab60 Exception <a 'java/lang/NoClassDefFoundError'{0x000000008a3559e0}: org/flywaydb/core/Flyway> (0x000000008a3559e0) 
thrown [s\open\src\hotspot\share\classfile\systemDictionary.cpp, line 294]
Event: 3.371 Thread 0x0000021dc3d6ab60 Exception <a 'java/lang/NoClassDefFoundError'{0x000000008a3569e8}: liquibase/integration/spring/SpringLiquibase> (0x000000008a3569e8) 
thrown [s\open\src\hotspot\share\classfile\systemDictionary.cpp, line 294]
Event: 3.556 Thread 0x0000021dc3d6ab60 Exception <a 'java/lang/NoSuchMethodError'{0x000000008a251918}: 'void java.lang.invoke.DirectMethodHandle$Holder.invokeSpecial(java.lang.Object, java.lang.Object, java.lang.Object, java.lang.Object, java.lang.Object, java.lang.Object)'> (0x000000008a251918) 
thrown [s\open\src\hotspot\share\interpreter\linkResolver.cpp, line 773]
Event: 3.617 Thread 0x0000021dc3d6ab60 Exception <a 'java/lang/NoSuchMethodError'{0x000000008a2ac120}: 'void java.lang.invoke.DirectMethodHandle$Holder.invokeVirtual(java.lang.Object, java.lang.Object, int)'> (0x000000008a2ac120) 
thrown [s\open\src\hotspot\share\interpreter\linkResolver.cpp, line 773]
Event: 3.618 Thread 0x0000021dc3d6ab60 Exception <a 'java/lang/NoSuchMethodError'{0x000000008a2affd0}: 'int java.lang.invoke.DirectMethodHandle$Holder.invokeSpecial(java.lang.Object, java.lang.Object, java.lang.Object, int)'> (0x000000008a2affd0) 
thrown [s\open\src\hotspot\share\interpreter\linkResolver.cpp, line 773]
Event: 3.621 Thread 0x0000021dc3d6ab60 Exception <a 'java/lang/NoSuchMethodError'{0x000000008a2c1fc8}: 'java.lang.Object java.lang.invoke.DirectMethodHandle$Holder.invokeStatic(java.lang.Object, java.lang.Object, java.lang.Object, java.lang.Object, int)'> (0x000000008a2c1fc8) 
thrown [s\open\src\hotspot\share\interpreter\linkResolver.cpp, line 773]
Event: 3.623 Thread 0x0000021dc3d6ab60 Exception <a 'java/lang/NoSuchMethodError'{0x000000008a2cc680}: 'void java.lang.invoke.DelegatingMethodHandle$Holder.reinvoke_L(java.lang.Object, java.lang.Object, int)'> (0x000000008a2cc680) 
thrown [s\open\src\hotspot\share\interpreter\linkResolver.cpp, line 773]

VM Operations (20 events):
Event: 2.016 Executing VM operation: G1CollectForAllocation
Event: 2.023 Executing VM operation: G1CollectForAllocation done
Event: 2.141 Executing VM operation: HandshakeAllThreads
Event: 2.141 Executing VM operation: HandshakeAllThreads done
Event: 2.147 Executing VM operation: HandshakeAllThreads
Event: 2.147 Executing VM operation: HandshakeAllThreads done
Event: 2.147 Executing VM operation: HandshakeAllThreads
Event: 2.147 Executing VM operation: HandshakeAllThreads done
Event: 2.576 Executing VM operation: HandshakeAllThreads
Event: 2.576 Executing VM operation: HandshakeAllThreads done
Event: 2.645 Executing VM operation: HandshakeAllThreads
Event: 2.645 Executing VM operation: HandshakeAllThreads done
Event: 2.935 Executing VM operation: ICBufferFull
Event: 2.935 Executing VM operation: ICBufferFull done
Event: 3.239 Executing VM operation: HandshakeAllThreads
Event: 3.239 Executing VM operation: HandshakeAllThreads done
Event: 3.585 Executing VM operation: HandshakeAllThreads
Event: 3.585 Executing VM operation: HandshakeAllThreads done
Event: 3.586 Executing VM operation: HandshakeAllThreads
Event: 3.586 Executing VM operation: HandshakeAllThreads done

Events (20 events):
Event: 0.353 Thread 0x0000021de0619770 Thread added: 0x0000021de0619770
Event: 0.353 Thread 0x0000021de061b610 Thread added: 0x0000021de061b610
Event: 0.354 Thread 0x0000021de0620c60 Thread added: 0x0000021de0620c60
Event: 0.354 Thread 0x0000021de061e1e0 Thread added: 0x0000021de061e1e0
Event: 0.354 Thread 0x0000021de06201c0 Thread added: 0x0000021de06201c0
Event: 0.354 Thread 0x0000021de0621700 Thread added: 0x0000021de0621700
Event: 0.354 Thread 0x0000021de062cd80 Thread added: 0x0000021de062cd80
Event: 0.354 Thread 0x0000021de0632db0 Thread added: 0x0000021de0632db0
Event: 0.465 Thread 0x0000021de06211b0 Thread added: 0x0000021de06211b0
Event: 0.611 Thread 0x0000021de0633340 Thread added: 0x0000021de0633340
Event: 0.625 Thread 0x0000021de061e730 Thread added: 0x0000021de061e730
Event: 0.625 Thread 0x0000021de061f1d0 Thread added: 0x0000021de061f1d0
Event: 1.005 Thread 0x0000021de0633340 Thread exited: 0x0000021de0633340
Event: 1.971 Thread 0x0000021de0632820 Thread added: 0x0000021de0632820
Event: 2.164 Thread 0x0000021de0620710 Thread added: 0x0000021de0620710
Event: 2.176 Thread 0x0000021de0620710 Thread exited: 0x0000021de0620710
Event: 2.354 Thread 0x0000021de0632820 Thread exited: 0x0000021de0632820
Event: 2.788 Thread 0x0000021de0633e60 Thread added: 0x0000021de0633e60
Event: 2.819 Thread 0x0000021de0620710 Thread added: 0x0000021de0620710
Event: 2.842 Thread 0x0000021de0620710 Thread exited: 0x0000021de0620710


Dynamic libraries:
0x00007ff759ee0000 - 0x00007ff759eee000 	C:\Users\DELL\.jdks\openjdk-20.0.1\bin\java.exe
0x00007ff84df30000 - 0x00007ff84e147000 	C:\WINDOWS\SYSTEM32\ntdll.dll
0x00007ff84ce20000 - 0x00007ff84cee4000 	C:\WINDOWS\System32\KERNEL32.DLL
0x00007ff84b8d0000 - 0x00007ff84bc75000 	C:\WINDOWS\System32\KERNELBASE.dll
0x00007ff84b6e0000 - 0x00007ff84b7f1000 	C:\WINDOWS\System32\ucrtbase.dll
0x00007ff838a60000 - 0x00007ff838a7b000 	C:\Users\DELL\.jdks\openjdk-20.0.1\bin\VCRUNTIME140.dll
0x00007ff843140000 - 0x00007ff843157000 	C:\Users\DELL\.jdks\openjdk-20.0.1\bin\jli.dll
0x00007ff84bc80000 - 0x00007ff84be2e000 	C:\WINDOWS\System32\USER32.dll
0x00007ff84b800000 - 0x00007ff84b826000 	C:\WINDOWS\System32\win32u.dll
0x00007ff836f10000 - 0x00007ff8371a3000 	C:\WINDOWS\WinSxS\amd64_microsoft.windows.common-controls_6595b64144ccf1df_6.0.22621.2506_none_270c5ae97388e100\COMCTL32.dll
0x00007ff84dba0000 - 0x00007ff84dbc9000 	C:\WINDOWS\System32\GDI32.dll
0x00007ff84cac0000 - 0x00007ff84cb67000 	C:\WINDOWS\System32\msvcrt.dll
0x00007ff84b310000 - 0x00007ff84b429000 	C:\WINDOWS\System32\gdi32full.dll
0x00007ff84b830000 - 0x00007ff84b8ca000 	C:\WINDOWS\System32\msvcp_win.dll
0x00007ff84ccb0000 - 0x00007ff84cce1000 	C:\WINDOWS\System32\IMM32.DLL
0x00007ff834fa0000 - 0x00007ff834fac000 	C:\Users\DELL\.jdks\openjdk-20.0.1\bin\vcruntime140_1.dll
0x00007ff81b660000 - 0x00007ff81b6ee000 	C:\Users\DELL\.jdks\openjdk-20.0.1\bin\msvcp140.dll
0x00007fffa2c70000 - 0x00007fffa3907000 	C:\Users\DELL\.jdks\openjdk-20.0.1\bin\server\jvm.dll
0x00007ff84dae0000 - 0x00007ff84db91000 	C:\WINDOWS\System32\ADVAPI32.dll
0x00007ff84de40000 - 0x00007ff84dee6000 	C:\WINDOWS\System32\sechost.dll
0x00007ff84dd20000 - 0x00007ff84de37000 	C:\WINDOWS\System32\RPCRT4.dll
0x00007ff838a50000 - 0x00007ff838a59000 	C:\WINDOWS\SYSTEM32\WSOCK32.dll
0x00007ff846830000 - 0x00007ff846864000 	C:\WINDOWS\SYSTEM32\WINMM.dll
0x00007ff84c830000 - 0x00007ff84c8a1000 	C:\WINDOWS\System32\WS2_32.dll
0x00007ff846c00000 - 0x00007ff846c0a000 	C:\WINDOWS\SYSTEM32\VERSION.dll
0x00007ff84a330000 - 0x00007ff84a348000 	C:\WINDOWS\SYSTEM32\kernel.appcore.dll
0x00007ff834f90000 - 0x00007ff834f9a000 	C:\Users\DELL\.jdks\openjdk-20.0.1\bin\jimage.dll
0x00007ff848bc0000 - 0x00007ff848df3000 	C:\WINDOWS\SYSTEM32\DBGHELP.DLL
0x00007ff84d120000 - 0x00007ff84d4a9000 	C:\WINDOWS\System32\combase.dll
0x00007ff84cb70000 - 0x00007ff84cc47000 	C:\WINDOWS\System32\OLEAUT32.dll
0x00007ff8441b0000 - 0x00007ff8441e2000 	C:\WINDOWS\SYSTEM32\dbgcore.DLL
0x00007ff84b660000 - 0x00007ff84b6da000 	C:\WINDOWS\System32\bcryptPrimitives.dll
0x00007ff82a750000 - 0x00007ff82a75e000 	C:\Users\DELL\.jdks\openjdk-20.0.1\bin\instrument.dll
0x00007ff827870000 - 0x00007ff827896000 	C:\Users\DELL\.jdks\openjdk-20.0.1\bin\java.dll
0x00007ff80bc00000 - 0x00007ff80bcd7000 	C:\Users\DELL\.jdks\openjdk-20.0.1\bin\jsvml.dll
0x00007ff84bed0000 - 0x00007ff84c729000 	C:\WINDOWS\System32\SHELL32.dll
0x00007ff8491c0000 - 0x00007ff849ab4000 	C:\WINDOWS\SYSTEM32\windows.storage.dll
0x00007ff849080000 - 0x00007ff8491be000 	C:\WINDOWS\SYSTEM32\wintypes.dll
0x00007ff84cd20000 - 0x00007ff84ce13000 	C:\WINDOWS\System32\SHCORE.dll
0x00007ff84cc50000 - 0x00007ff84ccae000 	C:\WINDOWS\System32\shlwapi.dll
0x00007ff84b1d0000 - 0x00007ff84b1f6000 	C:\WINDOWS\SYSTEM32\profapi.dll
0x00007ff80eeb0000 - 0x00007ff80eec8000 	C:\Users\DELL\.jdks\openjdk-20.0.1\bin\zip.dll
0x00007ff827640000 - 0x00007ff827653000 	C:\Users\DELL\.jdks\openjdk-20.0.1\bin\net.dll
0x00007ff847dc0000 - 0x00007ff847ef7000 	C:\WINDOWS\SYSTEM32\WINHTTP.dll
0x00007ff84a810000 - 0x00007ff84a879000 	C:\WINDOWS\system32\mswsock.dll
0x00007ff80eed0000 - 0x00007ff80eee6000 	C:\Users\DELL\.jdks\openjdk-20.0.1\bin\nio.dll
0x00007ff826f70000 - 0x00007ff826f8a000 	C:\Users\DELL\IntelliJ IDEA Community Edition 2023.2\bin\breakgen64.dll
0x00007ff82b4c0000 - 0x00007ff82b4c7000 	C:\Users\DELL\.jdks\openjdk-20.0.1\bin\extnet.dll

dbghelp: loaded successfully - version: 4.0.5 - missing functions: none
symbol engine: initialized successfully - sym options: 0x614 - pdb path: .;C:\Users\DELL\.jdks\openjdk-20.0.1\bin;C:\WINDOWS\SYSTEM32;C:\WINDOWS\WinSxS\amd64_microsoft.windows.common-controls_6595b64144ccf1df_6.0.22621.2506_none_270c5ae97388e100;C:\Users\DELL\.jdks\openjdk-20.0.1\bin\server;C:\Users\DELL\IntelliJ IDEA Community Edition 2023.2\bin

VM Arguments:
jvm_args: -javaagent:C:\Users\DELL\IntelliJ IDEA Community Edition 2023.2\lib\idea_rt.jar=65193:C:\Users\DELL\IntelliJ IDEA Community Edition 2023.2\bin -Dfile.encoding=UTF-8 -Dsun.stdout.encoding=UTF-8 -Dsun.stderr.encoding=UTF-8 
java_command: com.projet.ProjetApplication
java_class_path (initial): C:\Users\DELL\Desktop\Semestre1\soa\workspace\projet\projet\target\classes;C:\Users\DELL\Desktop\Semestre1\soa\Outils\depot_local\org\springframework\boot\spring-boot-starter\3.2.0\spring-boot-starter-3.2.0.jar;C:\Users\DELL\Desktop\Semestre1\soa\Outils\depot_local\org\springframework\boot\spring-boot\3.2.0\spring-boot-3.2.0.jar;C:\Users\DELL\Desktop\Semestre1\soa\Outils\depot_local\org\springframework\spring-context\6.1.1\spring-context-6.1.1.jar;C:\Users\DELL\Desktop\Semestre1\soa\Outils\depot_local\org\springframework\spring-aop\6.1.1\spring-aop-6.1.1.jar;C:\Users\DELL\Desktop\Semestre1\soa\Outils\depot_local\org\springframework\spring-beans\6.1.1\spring-beans-6.1.1.jar;C:\Users\DELL\Desktop\Semestre1\soa\Outils\depot_local\org\springframework\spring-expression\6.1.1\spring-expression-6.1.1.jar;C:\Users\DELL\Desktop\Semestre1\soa\Outils\depot_local\io\micrometer\micrometer-observation\1.12.0\micrometer-observation-1.12.0.jar;C:\Users\DELL\Desktop\Semestre1\soa\Outils\depot_local\io\micrometer\micrometer-commons\1.12.0\micrometer-commons-1.12.0.jar;C:\Users\DELL\Desktop\Semestre1\soa\Outils\depot_local\org\springframework\boot\spring-boot-autoconfigure\3.2.0\spring-boot-autoconfigure-3.2.0.jar;C:\Users\DELL\Desktop\Semestre1\soa\Outils\depot_local\org\springframework\boot\spring-boot-starter-logging\3.2.0\spring-boot-starter-logging-3.2.0.jar;C:\Users\DELL\Desktop\Semestre1\soa\Outils\depot_local\ch\qos\logback\logback-classic\1.4.11\logback-classic-1.4.11.jar;C:\Users\DELL\Desktop\Semestre1\soa\Outils\depot_local\ch\qos\logback\logback-core\1.4.11\logback-core-1.4.11.jar;C:\Users\DELL\Desktop\Semestre1\soa\Outils\depot_local\org\apache\logging\log4j\log4j-to-slf4j\2.21.1\log4j-to-slf4j-2.21.1.jar;C:\Users\DELL\Desktop\Semestre1\soa\Outils\depot_local\org\apache\logging\log4j\log4j-api\2.21.1\log4j-api-2.21.1.jar;C:\Users\DELL\Desktop\Semestre1\soa\Outils\depot_local\org\slf4j\jul-to-slf4j\2.0.9\jul-to-slf4j-2.0.9.jar;C:\Users\DELL\Desktop\Semestre1\soa\Outils\depot_local\jakarta\annotation\jakarta.annotation-api\2.1.1\jakarta.annotation-api-2.1.1.jar;C:\Users\DELL\Desktop\Semestre1\soa\Outils\depot_local\org\springframework\spring-core\6.1.1\spring-core-6.1.1.jar;C:\Users\DELL\Desktop\Semestre1\soa\Outils\depot_local\org\springframework\spring-jcl\6.1.1\spring-jcl-6.1.1.jar;C:\Users\DELL\Desktop\Semestre1\soa\Outils\depot_local\org\yaml\snakeyaml\2.2\snakeyaml-2.2.jar;C:\Users\DELL\Desktop\Semestre1\soa\Outils\depot_local\com\mysql\mysql-connector-j\8.1.0\mysql-connector-j-8.1.0.jar;C:\Users\DELL\Desktop\Semestre1\soa\Outils\depot_local\org\slf4j\slf4j-api\2.0.9\slf4j-api-2.0.9.jar;C:\Users\DELL\Desktop\Semestre1\soa\Outils\depot_local\jakarta\persistence\jakarta.persistence-api\3.1.0\jakarta.persistence-api-3.1.0.jar
Launcher Type: SUN_STANDARD

[Global flags]
     intx CICompilerCount                          = 4                                         {product} {ergonomic}
     uint ConcGCThreads                            = 2                                         {product} {ergonomic}
     uint G1ConcRefinementThreads                  = 8                                         {product} {ergonomic}
   size_t G1HeapRegionSize                         = 1048576                                   {product} {ergonomic}
    uintx GCDrainStackTargetSize                   = 64                                        {product} {ergonomic}
   size_t InitialHeapSize                          = 130023424                                 {product} {ergonomic}
   size_t MarkStackSize                            = 4194304                                   {product} {ergonomic}
   size_t MaxHeapSize                              = 2076180480                                {product} {ergonomic}
   size_t MaxNewSize                               = 1245708288                                {product} {ergonomic}
   size_t MinHeapDeltaBytes                        = 1048576                                   {product} {ergonomic}
   size_t MinHeapSize                              = 8388608                                   {product} {ergonomic}
    uintx NonNMethodCodeHeapSize                   = 5839372                                {pd product} {ergonomic}
    uintx NonProfiledCodeHeapSize                  = 122909434                              {pd product} {ergonomic}
    uintx ProfiledCodeHeapSize                     = 122909434                              {pd product} {ergonomic}
    uintx ReservedCodeCacheSize                    = 251658240                              {pd product} {ergonomic}
     bool SegmentedCodeCache                       = true                                      {product} {ergonomic}
   size_t SoftMaxHeapSize                          = 2076180480                             {manageable} {ergonomic}
     bool UseCompressedClassPointers               = true                           {product lp64_product} {ergonomic}
     bool UseCompressedOops                        = true                           {product lp64_product} {ergonomic}
     bool UseG1GC                                  = true                                      {product} {ergonomic}
     bool UseLargePagesIndividualAllocation        = false                                  {pd product} {ergonomic}

Logging:
Log output configuration:
 #0: stdout all=warning uptime,level,tags foldmultilines=false
 #1: stderr all=off uptime,level,tags foldmultilines=false

Environment Variables:
JAVA_HOME=C:\Program Files\Java\jdk-17
PATH=C:\Program Files\Java\jdk-17\bin;C:\Program Files\Common Files\Oracle\Java\javapath;C:\Program Files\Java\jdk1.8.0_361\bin;C:\Program Files (x86)\Common Files\Oracle\Java\javapath;C:\oraclexe\app\oracle\product\11.2.0\server\bin;C:\Program Files\Microsoft MPI\Bin\;C:\Windows\system32;C:\Windows;C:\Windows\System32\Wbem;C:\Windows\System32\WindowsPowerShell\v1.0\;C:\Windows\System32\OpenSSH\;C:\Program Files (x86)\Microsoft SQL Server\150\DTS\Binn\;C:\Program Files\Azure Data Studio\bin;C:\Program Files (x86)\Microsoft SQL Server\150\Tools\Binn\;C:\Program Files\Microsoft SQL Server\150\Tools\Binn\;C:\Program Files\Microsoft SQL Server\150\DTS\Binn\;C:\Program Files\Microsoft SQL Server\Client SDK\ODBC\170\Tools\Binn\;C:\Program Files\nodejs\;C:\mongosh-1.6.2\bin;C:\Program Files\MongoDB\Server\6.0\bin;C:\wamp64\bin\php\php8.1.0;C:\composer;C:\Program Files\Java\jre1.8.0_361;C:\Users\DELL\Desktop\Semestre 2\idea_java\sqlite\sqlite-tools-win32-x86-3420000;C:\WINDOWS\system32;C:\WINDOWS;C:\WINDOWS\System32\Wbem;C:\WINDOWS\System32\WindowsPowerShell\v1.0\;C:\WINDOWS\System32\OpenSSH\;C:\Users\DELL\Desktop\Semestre1\soa\Outils\apache-maven-3.9.4-bin\apache-maven-3.9.4\bin;C:\Android_SDK;C:\Users\DELL\Desktop\Semestre1\soa\serveurs\glassfish7\bin;C:\Program Files\Git\cmd;C:\Program Files\Git\bin;C:\Users\DELL\AppData\Local\Pub\Cache\bin;C:\Users\DELL\AppData\Local\Pub\Cache\bin;C:\Users\DELL\AppData\Local\Programs\Python\Python310\Scripts;C:\Users\DELL\AppData\Local\Programs\Python\Python310;C:\Users\DELL\AppData\Local\Microsoft\WindowsApps;C:\Program Files\Azure Data Studio\bin;C:\Users\DELL\AppData\Local\Programs\Microsoft VS Code\bin;C:\Users\DELL\AppData\Roaming\npm;C:\Users\DELL\AppData\Roaming\Composer\vendor\bin;C:\Users\DELL\Desktop\Semestre 2\python\djangoenv\Scripts;C:\Users\DELL\IntelliJ IDEA Community Edition 2023.2\bin;;C:\flutter\Flutter_SDK\bin;C:\Users\DELL\AppData\Local\Pub\Cache\bin;
USERNAME=DELL
OS=Windows_NT
PROCESSOR_IDENTIFIER=Intel64 Family 6 Model 140 Stepping 1, GenuineIntel
TMP=C:\Users\DELL\AppData\Local\Temp
TEMP=C:\Users\DELL\AppData\Local\Temp




---------------  S Y S T E M  ---------------

OS:
 Windows 11 , 64 bit Build 22621 (10.0.22621.2506)
OS uptime: 7 days 23:23 hours

CPU: total 8 (initial active 8) (4 cores per cpu, 2 threads per core) family 6 model 140 stepping 1 microcode 0xac, cx8, cmov, fxsr, ht, mmx, 3dnowpref, sse, sse2, sse3, ssse3, sse4.1, sse4.2, popcnt, lzcnt, tsc, tscinvbit, avx, avx2, aes, erms, clmul, bmi1, bmi2, adx, avx512f, avx512dq, avx512cd, avx512bw, avx512vl, sha, fma, vzeroupper, avx512_vpopcntdq, avx512_vpclmulqdq, avx512_vaes, avx512_vnni, clflush, clflushopt, clwb, avx512_vbmi2, avx512_vbmi, rdtscp, rdpid, fsrm, gfni, avx512_bitalg, f16c, pku, cet_ibt, cet_ss, avx512_ifma

Memory: 4k page, system-wide physical 7918M (457M free)
TotalPageFile size 19231M (AvailPageFile size 5M)
current process WorkingSet (physical memory assigned to process): 110M, peak: 110M
current process commit charge ("private bytes"): 246M, peak: 247M

vm_info: OpenJDK 64-Bit Server VM (20.0.1+9-29) for windows-amd64 JRE (20.0.1+9-29), built on 2023-03-07T13:56:11Z by "mach5one" with MS VC++ 17.1 (VS2022)

END.
